
[2023-02-17 18:04:08] => ## Fin de Carga ##
[2023-02-17 18:04:08] => Carga de main.css.
[2023-02-17 18:04:08] => Carga de CSS.
[2023-02-17 18:04:08] => Carga de JS.
[2023-02-17 18:04:08] => Metodo HomeVew->show().
[2023-02-17 18:04:08] => Llamada a HomeView->show(<div><h4>V 0.6</h4><p>Inauguramos la nueva versi贸n de la web, nada que ver con que fallara en cascada estrepitosamente y tuviera que reempezar por 6 vez.</p></div>).
[2023-02-17 18:04:08] => Metodo HomeController::getNews(HomeView).
[2023-02-17 18:04:08] => Llamada a HomceController::getNews(HomeView).
[2023-02-17 18:04:08] => Metodo MenuController::getMenu().
[2023-02-17 18:04:08] => La clase, MenuController, existe y se va a cargar.
[2023-02-17 18:04:08] => Funcion spl_autoload_register(MenuController).
[2023-02-17 18:04:08] => Llamada a MenuController::getMenu().
[2023-02-17 18:04:08] => Metodo LangController::getLang().
[2023-02-17 18:04:08] => La clase, LangController, existe y se va a cargar.
[2023-02-17 18:04:08] => Funcion spl_autoload_register(LangController).
[2023-02-17 18:04:08] => Llamada a LangController::getLang().
[2023-02-17 18:04:08] => Metodo View::__construct().
[2023-02-17 18:04:08] => Llamada a View::__construct().
[2023-02-17 18:04:08] => Metodo HomeView::__construct().
[2023-02-17 18:04:08] => La clase, View, existe y se va a cargar.
[2023-02-17 18:04:08] => Funcion spl_autoload_register(View).
[2023-02-17 18:04:08] => La clase, HomeView, existe y se va a cargar.
[2023-02-17 18:04:08] => Funcion spl_autoload_register(HomeView).
[2023-02-17 18:04:08] => Metodo HomeController::show().
[2023-02-17 18:04:08] => La clase, HomeController, existe y se va a cargar.
[2023-02-17 18:04:08] => Funcion spl_autoload_register(HomeController).
[2023-02-17 18:04:08] => Metodo FrontController::dispatch().
[2023-02-17 18:04:08] => La clase, FrontController, existe y se va a cargar.
[2023-02-17 18:04:08] => Funcion spl_autoload_register(FrontController).
[2023-02-17 18:04:08] => Llamada a FrontController::dispatch().
[2023-02-17 18:04:08] => ## Nueva Carga ##

[2023-02-17 17:54:16] => ## Fin de Carga ##
[2023-02-17 17:54:16] => Carga de main.css.
[2023-02-17 17:54:16] => Carga de CSS.
[2023-02-17 17:54:16] => Carga de JS.
[2023-02-17 17:54:16] => Metodo HomeVew->show().
[2023-02-17 17:54:16] => Llamada a HomeView->show(<div><h4>V 0.6</h4><p>Inauguramos la nueva versi贸n de la web, nada que ver con que fallara en cascada estrepitosamente y tuviera que reempezar por 6 vez.</p></div>).
[2023-02-17 17:54:16] => Metodo HomeController::getNews(HomeView).
[2023-02-17 17:54:16] => Llamada a HomceController::getNews(HomeView).
[2023-02-17 17:54:16] => Metodo MenuController::getMenu().
[2023-02-17 17:54:16] => La clase, MenuController, existe y se va a cargar.
[2023-02-17 17:54:16] => Funcion spl_autoload_register(MenuController).
[2023-02-17 17:54:16] => Llamada a MenuController::getMenu().
[2023-02-17 17:54:16] => Metodo LangController::getLang().
[2023-02-17 17:54:16] => La clase, LangController, existe y se va a cargar.
[2023-02-17 17:54:16] => Funcion spl_autoload_register(LangController).
[2023-02-17 17:54:16] => Llamada a LangController::getLang().
[2023-02-17 17:54:16] => Metodo View::__construct().
[2023-02-17 17:54:16] => Llamada a View::__construct().
[2023-02-17 17:54:16] => Metodo HomeView::__construct().
[2023-02-17 17:54:16] => La clase, View, existe y se va a cargar.
[2023-02-17 17:54:16] => Funcion spl_autoload_register(View).
[2023-02-17 17:54:16] => La clase, HomeView, existe y se va a cargar.
[2023-02-17 17:54:16] => Funcion spl_autoload_register(HomeView).
[2023-02-17 17:54:16] => Metodo HomeController::show().
[2023-02-17 17:54:16] => La clase, HomeController, existe y se va a cargar.
[2023-02-17 17:54:16] => Funcion spl_autoload_register(HomeController).
[2023-02-17 17:54:16] => Metodo FrontController::dispatch().
[2023-02-17 17:54:16] => La clase, FrontController, existe y se va a cargar.
[2023-02-17 17:54:16] => Funcion spl_autoload_register(FrontController).
[2023-02-17 17:54:16] => Llamada a FrontController::dispatch().
[2023-02-17 17:54:16] => ## Nueva Carga ##

[2023-02-17 17:53:55] => ## Fin de Carga ##
[2023-02-17 17:53:55] => Carga de main.css.
[2023-02-17 17:53:55] => Carga de CSS.
[2023-02-17 17:53:55] => Carga de JS.
[2023-02-17 17:53:55] => Metodo HomeVew->show().
[2023-02-17 17:53:55] => Llamada a HomeView->show(<div><h4>V 0.6</h4><p>Inauguramos la nueva versi贸n de la web, nada que ver con que fallara en cascada estrepitosamente y tuviera que reempezar por 6 vez.</p></div>).
[2023-02-17 17:53:55] => Metodo HomeController::getNews(HomeView).
[2023-02-17 17:53:55] => Llamada a HomceController::getNews(HomeView).
[2023-02-17 17:53:55] => Metodo MenuController::getMenu().
[2023-02-17 17:53:55] => La clase, MenuController, existe y se va a cargar.
[2023-02-17 17:53:55] => Funcion spl_autoload_register(MenuController).
[2023-02-17 17:53:55] => Llamada a MenuController::getMenu().
[2023-02-17 17:53:55] => Metodo LangController::getLang().
[2023-02-17 17:53:55] => La clase, LangController, existe y se va a cargar.
[2023-02-17 17:53:55] => Funcion spl_autoload_register(LangController).
[2023-02-17 17:53:55] => Llamada a LangController::getLang().
[2023-02-17 17:53:55] => Metodo View::__construct().
[2023-02-17 17:53:55] => Llamada a View::__construct().
[2023-02-17 17:53:55] => Metodo HomeView::__construct().
[2023-02-17 17:53:55] => La clase, View, existe y se va a cargar.
[2023-02-17 17:53:55] => Funcion spl_autoload_register(View).
[2023-02-17 17:53:55] => La clase, HomeView, existe y se va a cargar.
[2023-02-17 17:53:55] => Funcion spl_autoload_register(HomeView).
[2023-02-17 17:53:55] => Metodo HomeController::show().
[2023-02-17 17:53:55] => La clase, HomeController, existe y se va a cargar.
[2023-02-17 17:53:55] => Funcion spl_autoload_register(HomeController).
[2023-02-17 17:53:55] => Metodo FrontController::dispatch().
[2023-02-17 17:53:55] => La clase, FrontController, existe y se va a cargar.
[2023-02-17 17:53:55] => Funcion spl_autoload_register(FrontController).
[2023-02-17 17:53:55] => Llamada a FrontController::dispatch().
[2023-02-17 17:53:55] => ## Nueva Carga ##

[2023-02-17 17:53:37] => ## Fin de Carga ##
[2023-02-17 17:53:37] => Carga de main.css.
[2023-02-17 17:53:37] => Carga de CSS.
[2023-02-17 17:53:37] => Carga de JS.
[2023-02-17 17:53:37] => Metodo HomeVew->show().
[2023-02-17 17:53:37] => Llamada a HomeView->show(<div><h4>V 0.6</h4><p>Inauguramos la nueva versi贸n de la web, nada que ver con que fallara en cascada estrepitosamente y tuviera que reempezar por 6 vez.</p></div>).
[2023-02-17 17:53:37] => Metodo HomeController::getNews(HomeView).
[2023-02-17 17:53:37] => Llamada a HomceController::getNews(HomeView).
[2023-02-17 17:53:37] => Metodo MenuController::getMenu().
[2023-02-17 17:53:37] => La clase, MenuController, existe y se va a cargar.
[2023-02-17 17:53:37] => Funcion spl_autoload_register(MenuController).
[2023-02-17 17:53:37] => Llamada a MenuController::getMenu().
[2023-02-17 17:53:37] => Metodo LangController::getLang().
[2023-02-17 17:53:37] => La clase, LangController, existe y se va a cargar.
[2023-02-17 17:53:37] => Funcion spl_autoload_register(LangController).
[2023-02-17 17:53:37] => Llamada a LangController::getLang().
[2023-02-17 17:53:37] => Metodo View::__construct().
[2023-02-17 17:53:37] => Llamada a View::__construct().
[2023-02-17 17:53:37] => Metodo HomeView::__construct().
[2023-02-17 17:53:37] => La clase, View, existe y se va a cargar.
[2023-02-17 17:53:37] => Funcion spl_autoload_register(View).
[2023-02-17 17:53:37] => La clase, HomeView, existe y se va a cargar.
[2023-02-17 17:53:37] => Funcion spl_autoload_register(HomeView).
[2023-02-17 17:53:37] => Metodo HomeController::show().
[2023-02-17 17:53:37] => La clase, HomeController, existe y se va a cargar.
[2023-02-17 17:53:37] => Funcion spl_autoload_register(HomeController).
[2023-02-17 17:53:37] => Metodo FrontController::dispatch().
[2023-02-17 17:53:37] => La clase, FrontController, existe y se va a cargar.
[2023-02-17 17:53:37] => Funcion spl_autoload_register(FrontController).
[2023-02-17 17:53:37] => Llamada a FrontController::dispatch().
[2023-02-17 17:53:37] => ## Nueva Carga ##
