
[2023-02-20 18:16:37] => ## Fin de Carga ##
[2023-02-20 18:16:37] => Carga de main.css.
[2023-02-20 18:16:37] => Carga de CSS.
[2023-02-20 18:16:37] => Carga de JS.
[2023-02-20 18:16:37] => Metodo ErrorView->show(El controlador, ImgController, no existe.).
[2023-02-20 18:16:37] => Metodo MenuController::getMenu().
[2023-02-20 18:16:37] => La clase, MenuController, existe y se va a cargar.
[2023-02-20 18:16:37] => Funcion spl_autoload_register(MenuController).
[2023-02-20 18:16:37] => Llamada a MenuController::getMenu().
[2023-02-20 18:16:37] => Metodo LangController::getLang().
[2023-02-20 18:16:37] => La clase, LangController, existe y se va a cargar.
[2023-02-20 18:16:37] => Funcion spl_autoload_register(LangController).
[2023-02-20 18:16:37] => Llamada a LangController::getLang().
[2023-02-20 18:16:37] => Metodo View::__construct().
[2023-02-20 18:16:37] => Llamada a View::__construct().
[2023-02-20 18:16:37] => Metodo ErrorView::__construct().
[2023-02-20 18:16:37] => La clase, View, existe y se va a cargar.
[2023-02-20 18:16:37] => Funcion spl_autoload_register(View).
[2023-02-20 18:16:37] => La clase, ErrorView, existe y se va a cargar.
[2023-02-20 18:16:37] => Funcion spl_autoload_register(ErrorView).
[2023-02-20 18:16:37] => Llamanda a ErrorView->show(El controlador, ImgController, no existe.)
[2023-02-20 18:16:37] => Algo ha fallado y se ha recogido una Excepcion: El controlador, ImgController, no existe.
[2023-02-20 18:16:37] => !!!! OJO CUANDO SE HAYA HECHO EL SANITIZE !!!!
[2023-02-20 18:16:37] => !!!! SANITIZE !!!!
[2023-02-20 18:16:37] => Metodo FrontController::dispatch().
[2023-02-20 18:16:37] => La clase, FrontController, existe y se va a cargar.
[2023-02-20 18:16:37] => Funcion spl_autoload_register(FrontController).
[2023-02-20 18:16:37] => Llamada a FrontController::dispatch().
[2023-02-20 18:16:37] => ## Nueva Carga ##

[2023-02-20 18:15:23] => ## Fin de Carga ##
[2023-02-20 18:15:23] => Carga de main.css.
[2023-02-20 18:15:23] => Carga de CSS.
[2023-02-20 18:15:23] => Carga de JS.
[2023-02-20 18:15:23] => Metodo MenuController::getMenu().
[2023-02-20 18:15:23] => La clase, MenuController, existe y se va a cargar.
[2023-02-20 18:15:23] => Funcion spl_autoload_register(MenuController).
[2023-02-20 18:15:23] => Llamada a MenuController::getMenu().
[2023-02-20 18:15:23] => Metodo LangController::getLang().
[2023-02-20 18:15:23] => La clase, LangController, existe y se va a cargar.
[2023-02-20 18:15:23] => Funcion spl_autoload_register(LangController).
[2023-02-20 18:15:23] => Llamada a LangController::getLang().
[2023-02-20 18:15:23] => Metodo View::__construct().
[2023-02-20 18:15:23] => La clase, View, existe y se va a cargar.
[2023-02-20 18:15:23] => Funcion spl_autoload_register(View).
[2023-02-20 18:15:23] => La clase, RegisterView, existe y se va a cargar.
[2023-02-20 18:15:23] => Funcion spl_autoload_register(RegisterView).
[2023-02-20 18:15:23] => Llamada a RegisterView->show()
[2023-02-20 18:15:23] => Metodo RegisterController:show().
[2023-02-20 18:15:23] => La clase, RegisterController, existe y se va a cargar.
[2023-02-20 18:15:23] => Funcion spl_autoload_register(RegisterController).
[2023-02-20 18:15:23] => !!!! SANITIZE !!!!
[2023-02-20 18:15:23] => !!!! SANITIZE !!!!
[2023-02-20 18:15:23] => !!!! SANITIZE !!!!
[2023-02-20 18:15:23] => !!!! SANITIZE !!!!
[2023-02-20 18:15:23] => !!!! SANITIZE !!!!
[2023-02-20 18:15:23] => !!!! SANITIZE !!!!
[2023-02-20 18:15:23] => !!!! SANITIZE !!!!
[2023-02-20 18:15:23] => !!!! SANITIZE !!!!
[2023-02-20 18:15:23] => !!!! SANITIZE !!!!
[2023-02-20 18:15:23] => !!!! SANITIZE !!!!
[2023-02-20 18:15:23] => !!!! SANITIZE !!!!
[2023-02-20 18:15:23] => !!!! SANITIZE !!!!
[2023-02-20 18:15:23] => !!!! SANITIZE !!!!
[2023-02-20 18:15:23] => !!!! OJO CUANDO SE HAYA HECHO EL SANITIZE !!!!
[2023-02-20 18:15:23] => !!!! SANITIZE !!!!
[2023-02-20 18:15:23] => Metodo FrontController::dispatch().
[2023-02-20 18:15:23] => La clase, FrontController, existe y se va a cargar.
[2023-02-20 18:15:23] => Funcion spl_autoload_register(FrontController).
[2023-02-20 18:15:23] => Llamada a FrontController::dispatch().
[2023-02-20 18:15:23] => ## Nueva Carga ##

[2023-02-20 18:14:48] => ## Fin de Carga ##
[2023-02-20 18:14:48] => Metodo MenuController::getMenu().
[2023-02-20 18:14:48] => La clase, MenuController, existe y se va a cargar.
[2023-02-20 18:14:48] => Funcion spl_autoload_register(MenuController).
[2023-02-20 18:14:48] => Llamada a MenuController::getMenu().
[2023-02-20 18:14:48] => Metodo LangController::getLang().
[2023-02-20 18:14:48] => La clase, LangController, existe y se va a cargar.
[2023-02-20 18:14:48] => Funcion spl_autoload_register(LangController).
[2023-02-20 18:14:48] => Llamada a LangController::getLang().
[2023-02-20 18:14:48] => Metodo View::__construct().
[2023-02-20 18:14:48] => La clase, View, existe y se va a cargar.
[2023-02-20 18:14:48] => Funcion spl_autoload_register(View).
[2023-02-20 18:14:48] => La clase, RegisterView, existe y se va a cargar.
[2023-02-20 18:14:48] => Funcion spl_autoload_register(RegisterView).
[2023-02-20 18:14:48] => Llamada a RegisterView->show()
[2023-02-20 18:14:48] => Metodo RegisterController:show().
[2023-02-20 18:14:48] => La clase, RegisterController, existe y se va a cargar.
[2023-02-20 18:14:48] => Funcion spl_autoload_register(RegisterController).
[2023-02-20 18:14:48] => !!!! SANITIZE !!!!
[2023-02-20 18:14:48] => !!!! SANITIZE !!!!
[2023-02-20 18:14:48] => !!!! SANITIZE !!!!
[2023-02-20 18:14:48] => !!!! SANITIZE !!!!
[2023-02-20 18:14:48] => !!!! SANITIZE !!!!
[2023-02-20 18:14:48] => !!!! SANITIZE !!!!
[2023-02-20 18:14:48] => !!!! SANITIZE !!!!
[2023-02-20 18:14:48] => !!!! SANITIZE !!!!
[2023-02-20 18:14:48] => !!!! SANITIZE !!!!
[2023-02-20 18:14:48] => !!!! SANITIZE !!!!
[2023-02-20 18:14:48] => !!!! SANITIZE !!!!
[2023-02-20 18:14:48] => !!!! SANITIZE !!!!
[2023-02-20 18:14:48] => !!!! SANITIZE !!!!
[2023-02-20 18:14:48] => !!!! OJO CUANDO SE HAYA HECHO EL SANITIZE !!!!
[2023-02-20 18:14:48] => !!!! SANITIZE !!!!
[2023-02-20 18:14:48] => Metodo FrontController::dispatch().
[2023-02-20 18:14:48] => La clase, FrontController, existe y se va a cargar.
[2023-02-20 18:14:48] => Funcion spl_autoload_register(FrontController).
[2023-02-20 18:14:48] => Llamada a FrontController::dispatch().
[2023-02-20 18:14:48] => ## Nueva Carga ##

[2023-02-20 18:13:34] => ## Fin de Carga ##
[2023-02-20 18:13:34] => Carga de main.css.
[2023-02-20 18:13:34] => Carga de CSS.
[2023-02-20 18:13:34] => Carga de JS.
[2023-02-20 18:13:34] => Metodo MenuController::getMenu().
[2023-02-20 18:13:34] => La clase, MenuController, existe y se va a cargar.
[2023-02-20 18:13:34] => Funcion spl_autoload_register(MenuController).
[2023-02-20 18:13:34] => Llamada a MenuController::getMenu().
[2023-02-20 18:13:34] => Metodo LangController::getLang().
[2023-02-20 18:13:34] => La clase, LangController, existe y se va a cargar.
[2023-02-20 18:13:34] => Funcion spl_autoload_register(LangController).
[2023-02-20 18:13:34] => Llamada a LangController::getLang().
[2023-02-20 18:13:34] => Metodo View::__construct().
[2023-02-20 18:13:34] => La clase, View, existe y se va a cargar.
[2023-02-20 18:13:34] => Funcion spl_autoload_register(View).
[2023-02-20 18:13:34] => La clase, RegisterView, existe y se va a cargar.
[2023-02-20 18:13:34] => Funcion spl_autoload_register(RegisterView).
[2023-02-20 18:13:34] => Llamada a RegisterView->show()
[2023-02-20 18:13:34] => Metodo RegisterController:show().
[2023-02-20 18:13:34] => La clase, RegisterController, existe y se va a cargar.
[2023-02-20 18:13:34] => Funcion spl_autoload_register(RegisterController).
[2023-02-20 18:13:34] => !!!! SANITIZE !!!!
[2023-02-20 18:13:34] => !!!! SANITIZE !!!!
[2023-02-20 18:13:34] => !!!! SANITIZE !!!!
[2023-02-20 18:13:34] => !!!! SANITIZE !!!!
[2023-02-20 18:13:34] => !!!! SANITIZE !!!!
[2023-02-20 18:13:34] => !!!! SANITIZE !!!!
[2023-02-20 18:13:34] => !!!! SANITIZE !!!!
[2023-02-20 18:13:34] => !!!! SANITIZE !!!!
[2023-02-20 18:13:34] => !!!! SANITIZE !!!!
[2023-02-20 18:13:34] => !!!! SANITIZE !!!!
[2023-02-20 18:13:34] => !!!! SANITIZE !!!!
[2023-02-20 18:13:34] => !!!! SANITIZE !!!!
[2023-02-20 18:13:34] => !!!! SANITIZE !!!!
[2023-02-20 18:13:34] => !!!! OJO CUANDO SE HAYA HECHO EL SANITIZE !!!!
[2023-02-20 18:13:34] => !!!! SANITIZE !!!!
[2023-02-20 18:13:34] => Metodo FrontController::dispatch().
[2023-02-20 18:13:34] => La clase, FrontController, existe y se va a cargar.
[2023-02-20 18:13:34] => Funcion spl_autoload_register(FrontController).
[2023-02-20 18:13:34] => Llamada a FrontController::dispatch().
[2023-02-20 18:13:34] => ## Nueva Carga ##

[2023-02-20 18:10:18] => ## Fin de Carga ##
[2023-02-20 18:10:18] => Carga de main.css.
[2023-02-20 18:10:18] => Carga de CSS.
[2023-02-20 18:10:18] => Carga de JS.
[2023-02-20 18:10:18] => Metodo MenuController::getMenu().
[2023-02-20 18:10:18] => La clase, MenuController, existe y se va a cargar.
[2023-02-20 18:10:18] => Funcion spl_autoload_register(MenuController).
[2023-02-20 18:10:18] => Llamada a MenuController::getMenu().
[2023-02-20 18:10:18] => Metodo LangController::getLang().
[2023-02-20 18:10:18] => La clase, LangController, existe y se va a cargar.
[2023-02-20 18:10:18] => Funcion spl_autoload_register(LangController).
[2023-02-20 18:10:18] => Llamada a LangController::getLang().
[2023-02-20 18:10:18] => Metodo View::__construct().
[2023-02-20 18:10:18] => La clase, View, existe y se va a cargar.
[2023-02-20 18:10:18] => Funcion spl_autoload_register(View).
[2023-02-20 18:10:18] => La clase, RegisterView, existe y se va a cargar.
[2023-02-20 18:10:18] => Funcion spl_autoload_register(RegisterView).
[2023-02-20 18:10:18] => Llamada a RegisterView->show()
[2023-02-20 18:10:18] => Metodo RegisterController:show().
[2023-02-20 18:10:18] => La clase, RegisterController, existe y se va a cargar.
[2023-02-20 18:10:18] => Funcion spl_autoload_register(RegisterController).
[2023-02-20 18:10:18] => !!!! SANITIZE !!!!
[2023-02-20 18:10:18] => !!!! SANITIZE !!!!
[2023-02-20 18:10:18] => !!!! SANITIZE !!!!
[2023-02-20 18:10:18] => !!!! SANITIZE !!!!
[2023-02-20 18:10:18] => !!!! SANITIZE !!!!
[2023-02-20 18:10:18] => !!!! SANITIZE !!!!
[2023-02-20 18:10:18] => !!!! SANITIZE !!!!
[2023-02-20 18:10:18] => !!!! SANITIZE !!!!
[2023-02-20 18:10:18] => !!!! SANITIZE !!!!
[2023-02-20 18:10:18] => !!!! SANITIZE !!!!
[2023-02-20 18:10:18] => !!!! SANITIZE !!!!
[2023-02-20 18:10:18] => !!!! SANITIZE !!!!
[2023-02-20 18:10:18] => !!!! SANITIZE !!!!
[2023-02-20 18:10:18] => !!!! OJO CUANDO SE HAYA HECHO EL SANITIZE !!!!
[2023-02-20 18:10:18] => !!!! SANITIZE !!!!
[2023-02-20 18:10:18] => Metodo FrontController::dispatch().
[2023-02-20 18:10:18] => La clase, FrontController, existe y se va a cargar.
[2023-02-20 18:10:18] => Funcion spl_autoload_register(FrontController).
[2023-02-20 18:10:18] => Llamada a FrontController::dispatch().
[2023-02-20 18:10:18] => ## Nueva Carga ##

[2023-02-20 18:09:46] => ## Fin de Carga ##
[2023-02-20 18:09:46] => Carga de main.css.
[2023-02-20 18:09:46] => Carga de CSS.
[2023-02-20 18:09:46] => Carga de JS.
[2023-02-20 18:09:46] => Metodo MenuController::getMenu().
[2023-02-20 18:09:46] => La clase, MenuController, existe y se va a cargar.
[2023-02-20 18:09:46] => Funcion spl_autoload_register(MenuController).
[2023-02-20 18:09:46] => Llamada a MenuController::getMenu().
[2023-02-20 18:09:46] => Metodo LangController::getLang().
[2023-02-20 18:09:46] => La clase, LangController, existe y se va a cargar.
[2023-02-20 18:09:46] => Funcion spl_autoload_register(LangController).
[2023-02-20 18:09:46] => Llamada a LangController::getLang().
[2023-02-20 18:09:46] => Metodo View::__construct().
[2023-02-20 18:09:46] => La clase, View, existe y se va a cargar.
[2023-02-20 18:09:46] => Funcion spl_autoload_register(View).
[2023-02-20 18:09:46] => La clase, RegisterView, existe y se va a cargar.
[2023-02-20 18:09:46] => Funcion spl_autoload_register(RegisterView).
[2023-02-20 18:09:46] => Llamada a RegisterView->show()
[2023-02-20 18:09:46] => Metodo RegisterController:show().
[2023-02-20 18:09:46] => La clase, RegisterController, existe y se va a cargar.
[2023-02-20 18:09:46] => Funcion spl_autoload_register(RegisterController).
[2023-02-20 18:09:46] => !!!! SANITIZE !!!!
[2023-02-20 18:09:46] => !!!! SANITIZE !!!!
[2023-02-20 18:09:46] => !!!! SANITIZE !!!!
[2023-02-20 18:09:46] => !!!! SANITIZE !!!!
[2023-02-20 18:09:46] => !!!! SANITIZE !!!!
[2023-02-20 18:09:46] => !!!! SANITIZE !!!!
[2023-02-20 18:09:46] => !!!! SANITIZE !!!!
[2023-02-20 18:09:46] => !!!! SANITIZE !!!!
[2023-02-20 18:09:46] => !!!! SANITIZE !!!!
[2023-02-20 18:09:46] => !!!! SANITIZE !!!!
[2023-02-20 18:09:46] => !!!! SANITIZE !!!!
[2023-02-20 18:09:46] => !!!! SANITIZE !!!!
[2023-02-20 18:09:46] => !!!! SANITIZE !!!!
[2023-02-20 18:09:46] => !!!! OJO CUANDO SE HAYA HECHO EL SANITIZE !!!!
[2023-02-20 18:09:46] => !!!! SANITIZE !!!!
[2023-02-20 18:09:46] => Metodo FrontController::dispatch().
[2023-02-20 18:09:46] => La clase, FrontController, existe y se va a cargar.
[2023-02-20 18:09:46] => Funcion spl_autoload_register(FrontController).
[2023-02-20 18:09:46] => Llamada a FrontController::dispatch().
[2023-02-20 18:09:46] => ## Nueva Carga ##

[2023-02-20 18:09:34] => ## Fin de Carga ##
[2023-02-20 18:09:34] => Metodo MenuController::getMenu().
[2023-02-20 18:09:34] => La clase, MenuController, existe y se va a cargar.
[2023-02-20 18:09:34] => Funcion spl_autoload_register(MenuController).
[2023-02-20 18:09:34] => Llamada a MenuController::getMenu().
[2023-02-20 18:09:34] => Metodo LangController::getLang().
[2023-02-20 18:09:34] => La clase, LangController, existe y se va a cargar.
[2023-02-20 18:09:34] => Funcion spl_autoload_register(LangController).
[2023-02-20 18:09:34] => Llamada a LangController::getLang().
[2023-02-20 18:09:34] => Metodo View::__construct().
[2023-02-20 18:09:34] => La clase, View, existe y se va a cargar.
[2023-02-20 18:09:34] => Funcion spl_autoload_register(View).
[2023-02-20 18:09:34] => La clase, RegisterView, existe y se va a cargar.
[2023-02-20 18:09:34] => Funcion spl_autoload_register(RegisterView).
[2023-02-20 18:09:34] => Llamada a RegisterView->show()
[2023-02-20 18:09:34] => Metodo RegisterController:show().
[2023-02-20 18:09:34] => La clase, RegisterController, existe y se va a cargar.
[2023-02-20 18:09:34] => Funcion spl_autoload_register(RegisterController).
[2023-02-20 18:09:34] => !!!! SANITIZE !!!!
[2023-02-20 18:09:34] => !!!! SANITIZE !!!!
[2023-02-20 18:09:34] => !!!! SANITIZE !!!!
[2023-02-20 18:09:34] => !!!! SANITIZE !!!!
[2023-02-20 18:09:34] => !!!! SANITIZE !!!!
[2023-02-20 18:09:34] => !!!! SANITIZE !!!!
[2023-02-20 18:09:34] => !!!! SANITIZE !!!!
[2023-02-20 18:09:34] => !!!! SANITIZE !!!!
[2023-02-20 18:09:34] => !!!! SANITIZE !!!!
[2023-02-20 18:09:34] => !!!! SANITIZE !!!!
[2023-02-20 18:09:34] => !!!! SANITIZE !!!!
[2023-02-20 18:09:34] => !!!! SANITIZE !!!!
[2023-02-20 18:09:34] => !!!! SANITIZE !!!!
[2023-02-20 18:09:34] => !!!! OJO CUANDO SE HAYA HECHO EL SANITIZE !!!!
[2023-02-20 18:09:34] => !!!! SANITIZE !!!!
[2023-02-20 18:09:34] => Metodo FrontController::dispatch().
[2023-02-20 18:09:34] => La clase, FrontController, existe y se va a cargar.
[2023-02-20 18:09:34] => Funcion spl_autoload_register(FrontController).
[2023-02-20 18:09:34] => Llamada a FrontController::dispatch().
[2023-02-20 18:09:34] => ## Nueva Carga ##

[2023-02-20 18:08:23] => ## Fin de Carga ##
[2023-02-20 18:08:23] => Carga de main.css.
[2023-02-20 18:08:23] => Carga de CSS.
[2023-02-20 18:08:23] => Carga de JS.
[2023-02-20 18:08:23] => Metodo MenuController::getMenu().
[2023-02-20 18:08:23] => La clase, MenuController, existe y se va a cargar.
[2023-02-20 18:08:23] => Funcion spl_autoload_register(MenuController).
[2023-02-20 18:08:23] => Llamada a MenuController::getMenu().
[2023-02-20 18:08:23] => Metodo LangController::getLang().
[2023-02-20 18:08:23] => La clase, LangController, existe y se va a cargar.
[2023-02-20 18:08:23] => Funcion spl_autoload_register(LangController).
[2023-02-20 18:08:23] => Llamada a LangController::getLang().
[2023-02-20 18:08:23] => Metodo View::__construct().
[2023-02-20 18:08:23] => La clase, View, existe y se va a cargar.
[2023-02-20 18:08:23] => Funcion spl_autoload_register(View).
[2023-02-20 18:08:23] => La clase, RegisterView, existe y se va a cargar.
[2023-02-20 18:08:23] => Funcion spl_autoload_register(RegisterView).
[2023-02-20 18:08:23] => Llamada a RegisterView->show()
[2023-02-20 18:08:23] => Metodo RegisterController:show().
[2023-02-20 18:08:23] => La clase, RegisterController, existe y se va a cargar.
[2023-02-20 18:08:23] => Funcion spl_autoload_register(RegisterController).
[2023-02-20 18:08:23] => !!!! OJO CUANDO SE HAYA HECHO EL SANITIZE !!!!
[2023-02-20 18:08:23] => !!!! SANITIZE !!!!
[2023-02-20 18:08:23] => Metodo FrontController::dispatch().
[2023-02-20 18:08:23] => La clase, FrontController, existe y se va a cargar.
[2023-02-20 18:08:23] => Funcion spl_autoload_register(FrontController).
[2023-02-20 18:08:23] => Llamada a FrontController::dispatch().
[2023-02-20 18:08:23] => ## Nueva Carga ##

[2023-02-20 17:51:50] => ## Fin de Carga ##
[2023-02-20 17:51:50] => Carga de main.css.
[2023-02-20 17:51:50] => Carga de CSS.
[2023-02-20 17:51:50] => Carga de JS.
[2023-02-20 17:51:50] => Metodo MenuController::getMenu().
[2023-02-20 17:51:50] => La clase, MenuController, existe y se va a cargar.
[2023-02-20 17:51:50] => Funcion spl_autoload_register(MenuController).
[2023-02-20 17:51:50] => Llamada a MenuController::getMenu().
[2023-02-20 17:51:50] => Metodo LangController::getLang().
[2023-02-20 17:51:50] => La clase, LangController, existe y se va a cargar.
[2023-02-20 17:51:50] => Funcion spl_autoload_register(LangController).
[2023-02-20 17:51:50] => Llamada a LangController::getLang().
[2023-02-20 17:51:50] => Metodo View::__construct().
[2023-02-20 17:51:50] => La clase, View, existe y se va a cargar.
[2023-02-20 17:51:50] => Funcion spl_autoload_register(View).
[2023-02-20 17:51:50] => La clase, RegisterView, existe y se va a cargar.
[2023-02-20 17:51:50] => Funcion spl_autoload_register(RegisterView).
[2023-02-20 17:51:50] => Llamada a RegisterView->show()
[2023-02-20 17:51:50] => Metodo RegisterController:show().
[2023-02-20 17:51:50] => La clase, RegisterController, existe y se va a cargar.
[2023-02-20 17:51:50] => Funcion spl_autoload_register(RegisterController).
[2023-02-20 17:51:50] => !!!! OJO CUANDO SE HAYA HECHO EL SANITIZE !!!!
[2023-02-20 17:51:50] => !!!! SANITIZE !!!!
[2023-02-20 17:51:50] => Metodo FrontController::dispatch().
[2023-02-20 17:51:50] => La clase, FrontController, existe y se va a cargar.
[2023-02-20 17:51:50] => Funcion spl_autoload_register(FrontController).
[2023-02-20 17:51:50] => Llamada a FrontController::dispatch().
[2023-02-20 17:51:50] => ## Nueva Carga ##

[2023-02-20 17:44:11] => ## Fin de Carga ##
[2023-02-20 17:44:11] => Carga de main.css.
[2023-02-20 17:44:11] => Carga de CSS.
[2023-02-20 17:44:11] => Carga de JS.
[2023-02-20 17:44:11] => Metodo MenuController::getMenu().
[2023-02-20 17:44:11] => La clase, MenuController, existe y se va a cargar.
[2023-02-20 17:44:11] => Funcion spl_autoload_register(MenuController).
[2023-02-20 17:44:11] => Llamada a MenuController::getMenu().
[2023-02-20 17:44:11] => Metodo LangController::getLang().
[2023-02-20 17:44:11] => La clase, LangController, existe y se va a cargar.
[2023-02-20 17:44:11] => Funcion spl_autoload_register(LangController).
[2023-02-20 17:44:11] => Llamada a LangController::getLang().
[2023-02-20 17:44:11] => Metodo View::__construct().
[2023-02-20 17:44:11] => La clase, View, existe y se va a cargar.
[2023-02-20 17:44:11] => Funcion spl_autoload_register(View).
[2023-02-20 17:44:11] => La clase, RegisterView, existe y se va a cargar.
[2023-02-20 17:44:11] => Funcion spl_autoload_register(RegisterView).
[2023-02-20 17:44:11] => Llamada a RegisterView->show()
[2023-02-20 17:44:11] => Metodo RegisterController:show().
[2023-02-20 17:44:11] => La clase, RegisterController, existe y se va a cargar.
[2023-02-20 17:44:11] => Funcion spl_autoload_register(RegisterController).
[2023-02-20 17:44:11] => !!!! OJO CUANDO SE HAYA HECHO EL SANITIZE !!!!
[2023-02-20 17:44:11] => !!!! SANITIZE !!!!
[2023-02-20 17:44:11] => Metodo FrontController::dispatch().
[2023-02-20 17:44:11] => La clase, FrontController, existe y se va a cargar.
[2023-02-20 17:44:11] => Funcion spl_autoload_register(FrontController).
[2023-02-20 17:44:11] => Llamada a FrontController::dispatch().
[2023-02-20 17:44:11] => ## Nueva Carga ##

[2023-02-20 17:44:11] => ## Fin de Carga ##
[2023-02-20 17:44:11] => Carga de main.css.
[2023-02-20 17:44:11] => Carga de CSS.
[2023-02-20 17:44:11] => Carga de JS.
[2023-02-20 17:44:11] => Metodo MenuController::getMenu().
[2023-02-20 17:44:11] => La clase, MenuController, existe y se va a cargar.
[2023-02-20 17:44:11] => Funcion spl_autoload_register(MenuController).
[2023-02-20 17:44:11] => Llamada a MenuController::getMenu().
[2023-02-20 17:44:11] => Metodo LangController::getLang().
[2023-02-20 17:44:11] => La clase, LangController, existe y se va a cargar.
[2023-02-20 17:44:11] => Funcion spl_autoload_register(LangController).
[2023-02-20 17:44:11] => Llamada a LangController::getLang().
[2023-02-20 17:44:11] => Metodo View::__construct().
[2023-02-20 17:44:11] => La clase, View, existe y se va a cargar.
[2023-02-20 17:44:11] => Funcion spl_autoload_register(View).
[2023-02-20 17:44:11] => La clase, RegisterView, existe y se va a cargar.
[2023-02-20 17:44:11] => Funcion spl_autoload_register(RegisterView).
[2023-02-20 17:44:11] => Llamada a RegisterView->show()
[2023-02-20 17:44:11] => Metodo RegisterController:show().
[2023-02-20 17:44:11] => La clase, RegisterController, existe y se va a cargar.
[2023-02-20 17:44:11] => Funcion spl_autoload_register(RegisterController).
[2023-02-20 17:44:11] => !!!! OJO CUANDO SE HAYA HECHO EL SANITIZE !!!!
[2023-02-20 17:44:11] => !!!! SANITIZE !!!!
[2023-02-20 17:44:11] => Metodo FrontController::dispatch().
[2023-02-20 17:44:11] => La clase, FrontController, existe y se va a cargar.
[2023-02-20 17:44:11] => Funcion spl_autoload_register(FrontController).
[2023-02-20 17:44:11] => Llamada a FrontController::dispatch().
[2023-02-20 17:44:11] => ## Nueva Carga ##

[2023-02-20 17:44:11] => ## Fin de Carga ##
[2023-02-20 17:44:11] => Carga de main.css.
[2023-02-20 17:44:11] => Carga de CSS.
[2023-02-20 17:44:11] => Carga de JS.
[2023-02-20 17:44:11] => Metodo MenuController::getMenu().
[2023-02-20 17:44:11] => La clase, MenuController, existe y se va a cargar.
[2023-02-20 17:44:11] => Funcion spl_autoload_register(MenuController).
[2023-02-20 17:44:11] => Llamada a MenuController::getMenu().
[2023-02-20 17:44:11] => Metodo LangController::getLang().
[2023-02-20 17:44:11] => La clase, LangController, existe y se va a cargar.
[2023-02-20 17:44:11] => Funcion spl_autoload_register(LangController).
[2023-02-20 17:44:11] => Llamada a LangController::getLang().
[2023-02-20 17:44:11] => Metodo View::__construct().
[2023-02-20 17:44:11] => La clase, View, existe y se va a cargar.
[2023-02-20 17:44:11] => Funcion spl_autoload_register(View).
[2023-02-20 17:44:11] => La clase, RegisterView, existe y se va a cargar.
[2023-02-20 17:44:11] => Funcion spl_autoload_register(RegisterView).
[2023-02-20 17:44:11] => Llamada a RegisterView->show()
[2023-02-20 17:44:11] => Metodo RegisterController:show().
[2023-02-20 17:44:11] => La clase, RegisterController, existe y se va a cargar.
[2023-02-20 17:44:11] => Funcion spl_autoload_register(RegisterController).
[2023-02-20 17:44:11] => !!!! OJO CUANDO SE HAYA HECHO EL SANITIZE !!!!
[2023-02-20 17:44:11] => !!!! SANITIZE !!!!
[2023-02-20 17:44:11] => Metodo FrontController::dispatch().
[2023-02-20 17:44:11] => La clase, FrontController, existe y se va a cargar.
[2023-02-20 17:44:11] => Funcion spl_autoload_register(FrontController).
[2023-02-20 17:44:11] => Llamada a FrontController::dispatch().
[2023-02-20 17:44:11] => ## Nueva Carga ##

[2023-02-20 17:44:10] => ## Fin de Carga ##
[2023-02-20 17:44:10] => Carga de main.css.
[2023-02-20 17:44:10] => Carga de CSS.
[2023-02-20 17:44:10] => Carga de JS.
[2023-02-20 17:44:10] => Metodo MenuController::getMenu().
[2023-02-20 17:44:10] => La clase, MenuController, existe y se va a cargar.
[2023-02-20 17:44:10] => Funcion spl_autoload_register(MenuController).
[2023-02-20 17:44:10] => Llamada a MenuController::getMenu().
[2023-02-20 17:44:10] => Metodo LangController::getLang().
[2023-02-20 17:44:10] => La clase, LangController, existe y se va a cargar.
[2023-02-20 17:44:10] => Funcion spl_autoload_register(LangController).
[2023-02-20 17:44:10] => Llamada a LangController::getLang().
[2023-02-20 17:44:10] => Metodo View::__construct().
[2023-02-20 17:44:10] => La clase, View, existe y se va a cargar.
[2023-02-20 17:44:10] => Funcion spl_autoload_register(View).
[2023-02-20 17:44:10] => La clase, RegisterView, existe y se va a cargar.
[2023-02-20 17:44:10] => Funcion spl_autoload_register(RegisterView).
[2023-02-20 17:44:10] => Llamada a RegisterView->show()
[2023-02-20 17:44:10] => Metodo RegisterController:show().
[2023-02-20 17:44:10] => La clase, RegisterController, existe y se va a cargar.
[2023-02-20 17:44:10] => Funcion spl_autoload_register(RegisterController).
[2023-02-20 17:44:10] => !!!! OJO CUANDO SE HAYA HECHO EL SANITIZE !!!!
[2023-02-20 17:44:10] => !!!! SANITIZE !!!!
[2023-02-20 17:44:10] => Metodo FrontController::dispatch().
[2023-02-20 17:44:10] => La clase, FrontController, existe y se va a cargar.
[2023-02-20 17:44:10] => Funcion spl_autoload_register(FrontController).
[2023-02-20 17:44:10] => Llamada a FrontController::dispatch().
[2023-02-20 17:44:10] => ## Nueva Carga ##

[2023-02-20 17:44:10] => ## Fin de Carga ##
[2023-02-20 17:44:10] => Carga de main.css.
[2023-02-20 17:44:10] => Carga de CSS.
[2023-02-20 17:44:10] => Carga de JS.
[2023-02-20 17:44:10] => Metodo MenuController::getMenu().
[2023-02-20 17:44:10] => La clase, MenuController, existe y se va a cargar.
[2023-02-20 17:44:10] => Funcion spl_autoload_register(MenuController).
[2023-02-20 17:44:10] => Llamada a MenuController::getMenu().
[2023-02-20 17:44:10] => Metodo LangController::getLang().
[2023-02-20 17:44:10] => La clase, LangController, existe y se va a cargar.
[2023-02-20 17:44:10] => Funcion spl_autoload_register(LangController).
[2023-02-20 17:44:10] => Llamada a LangController::getLang().
[2023-02-20 17:44:10] => Metodo View::__construct().
[2023-02-20 17:44:10] => La clase, View, existe y se va a cargar.
[2023-02-20 17:44:10] => Funcion spl_autoload_register(View).
[2023-02-20 17:44:10] => La clase, RegisterView, existe y se va a cargar.
[2023-02-20 17:44:10] => Funcion spl_autoload_register(RegisterView).
[2023-02-20 17:44:10] => Llamada a RegisterView->show()
[2023-02-20 17:44:10] => Metodo RegisterController:show().
[2023-02-20 17:44:10] => La clase, RegisterController, existe y se va a cargar.
[2023-02-20 17:44:10] => Funcion spl_autoload_register(RegisterController).
[2023-02-20 17:44:10] => !!!! OJO CUANDO SE HAYA HECHO EL SANITIZE !!!!
[2023-02-20 17:44:10] => !!!! SANITIZE !!!!
[2023-02-20 17:44:10] => Metodo FrontController::dispatch().
[2023-02-20 17:44:10] => La clase, FrontController, existe y se va a cargar.
[2023-02-20 17:44:10] => Funcion spl_autoload_register(FrontController).
[2023-02-20 17:44:10] => Llamada a FrontController::dispatch().
[2023-02-20 17:44:10] => ## Nueva Carga ##

[2023-02-20 17:44:10] => ## Fin de Carga ##
[2023-02-20 17:44:10] => Carga de main.css.
[2023-02-20 17:44:10] => Carga de CSS.
[2023-02-20 17:44:10] => Carga de JS.
[2023-02-20 17:44:10] => Metodo MenuController::getMenu().
[2023-02-20 17:44:10] => La clase, MenuController, existe y se va a cargar.
[2023-02-20 17:44:10] => Funcion spl_autoload_register(MenuController).
[2023-02-20 17:44:10] => Llamada a MenuController::getMenu().
[2023-02-20 17:44:10] => Metodo LangController::getLang().
[2023-02-20 17:44:10] => La clase, LangController, existe y se va a cargar.
[2023-02-20 17:44:10] => Funcion spl_autoload_register(LangController).
[2023-02-20 17:44:10] => Llamada a LangController::getLang().
[2023-02-20 17:44:10] => Metodo View::__construct().
[2023-02-20 17:44:10] => La clase, View, existe y se va a cargar.
[2023-02-20 17:44:10] => Funcion spl_autoload_register(View).
[2023-02-20 17:44:10] => La clase, RegisterView, existe y se va a cargar.
[2023-02-20 17:44:10] => Funcion spl_autoload_register(RegisterView).
[2023-02-20 17:44:10] => Llamada a RegisterView->show()
[2023-02-20 17:44:10] => Metodo RegisterController:show().
[2023-02-20 17:44:10] => La clase, RegisterController, existe y se va a cargar.
[2023-02-20 17:44:10] => Funcion spl_autoload_register(RegisterController).
[2023-02-20 17:44:10] => !!!! OJO CUANDO SE HAYA HECHO EL SANITIZE !!!!
[2023-02-20 17:44:10] => !!!! SANITIZE !!!!
[2023-02-20 17:44:10] => Metodo FrontController::dispatch().
[2023-02-20 17:44:10] => La clase, FrontController, existe y se va a cargar.
[2023-02-20 17:44:10] => Funcion spl_autoload_register(FrontController).
[2023-02-20 17:44:10] => Llamada a FrontController::dispatch().
[2023-02-20 17:44:10] => ## Nueva Carga ##

[2023-02-20 17:44:10] => ## Fin de Carga ##
[2023-02-20 17:44:10] => Carga de main.css.
[2023-02-20 17:44:10] => Carga de CSS.
[2023-02-20 17:44:10] => Carga de JS.
[2023-02-20 17:44:10] => Metodo MenuController::getMenu().
[2023-02-20 17:44:10] => La clase, MenuController, existe y se va a cargar.
[2023-02-20 17:44:10] => Funcion spl_autoload_register(MenuController).
[2023-02-20 17:44:10] => Llamada a MenuController::getMenu().
[2023-02-20 17:44:10] => Metodo LangController::getLang().
[2023-02-20 17:44:10] => La clase, LangController, existe y se va a cargar.
[2023-02-20 17:44:10] => Funcion spl_autoload_register(LangController).
[2023-02-20 17:44:10] => Llamada a LangController::getLang().
[2023-02-20 17:44:09] => Metodo View::__construct().
[2023-02-20 17:44:09] => La clase, View, existe y se va a cargar.
[2023-02-20 17:44:09] => Funcion spl_autoload_register(View).
[2023-02-20 17:44:09] => La clase, RegisterView, existe y se va a cargar.
[2023-02-20 17:44:09] => Funcion spl_autoload_register(RegisterView).
[2023-02-20 17:44:09] => Llamada a RegisterView->show()
[2023-02-20 17:44:09] => Metodo RegisterController:show().
[2023-02-20 17:44:09] => La clase, RegisterController, existe y se va a cargar.
[2023-02-20 17:44:09] => Funcion spl_autoload_register(RegisterController).
[2023-02-20 17:44:09] => !!!! OJO CUANDO SE HAYA HECHO EL SANITIZE !!!!
[2023-02-20 17:44:09] => !!!! SANITIZE !!!!
[2023-02-20 17:44:09] => Metodo FrontController::dispatch().
[2023-02-20 17:44:09] => La clase, FrontController, existe y se va a cargar.
[2023-02-20 17:44:09] => Funcion spl_autoload_register(FrontController).
[2023-02-20 17:44:09] => Llamada a FrontController::dispatch().
[2023-02-20 17:44:09] => ## Nueva Carga ##

[2023-02-20 17:44:09] => ## Fin de Carga ##
[2023-02-20 17:44:09] => Carga de main.css.
[2023-02-20 17:44:09] => Carga de CSS.
[2023-02-20 17:44:09] => Carga de JS.
[2023-02-20 17:44:09] => Metodo MenuController::getMenu().
[2023-02-20 17:44:09] => La clase, MenuController, existe y se va a cargar.
[2023-02-20 17:44:09] => Funcion spl_autoload_register(MenuController).
[2023-02-20 17:44:09] => Llamada a MenuController::getMenu().
[2023-02-20 17:44:09] => Metodo LangController::getLang().
[2023-02-20 17:44:09] => La clase, LangController, existe y se va a cargar.
[2023-02-20 17:44:09] => Funcion spl_autoload_register(LangController).
[2023-02-20 17:44:09] => Llamada a LangController::getLang().
[2023-02-20 17:44:09] => Metodo View::__construct().
[2023-02-20 17:44:09] => La clase, View, existe y se va a cargar.
[2023-02-20 17:44:09] => Funcion spl_autoload_register(View).
[2023-02-20 17:44:09] => La clase, RegisterView, existe y se va a cargar.
[2023-02-20 17:44:09] => Funcion spl_autoload_register(RegisterView).
[2023-02-20 17:44:09] => Llamada a RegisterView->show()
[2023-02-20 17:44:09] => Metodo RegisterController:show().
[2023-02-20 17:44:09] => La clase, RegisterController, existe y se va a cargar.
[2023-02-20 17:44:09] => Funcion spl_autoload_register(RegisterController).
[2023-02-20 17:44:09] => !!!! OJO CUANDO SE HAYA HECHO EL SANITIZE !!!!
[2023-02-20 17:44:09] => !!!! SANITIZE !!!!
[2023-02-20 17:44:09] => Metodo FrontController::dispatch().
[2023-02-20 17:44:09] => La clase, FrontController, existe y se va a cargar.
[2023-02-20 17:44:09] => Funcion spl_autoload_register(FrontController).
[2023-02-20 17:44:09] => Llamada a FrontController::dispatch().
[2023-02-20 17:44:09] => ## Nueva Carga ##

[2023-02-20 17:44:09] => ## Fin de Carga ##
[2023-02-20 17:44:09] => Carga de main.css.
[2023-02-20 17:44:09] => Carga de CSS.
[2023-02-20 17:44:09] => Carga de JS.
[2023-02-20 17:44:09] => Metodo MenuController::getMenu().
[2023-02-20 17:44:09] => La clase, MenuController, existe y se va a cargar.
[2023-02-20 17:44:09] => Funcion spl_autoload_register(MenuController).
[2023-02-20 17:44:09] => Llamada a MenuController::getMenu().
[2023-02-20 17:44:09] => Metodo LangController::getLang().
[2023-02-20 17:44:09] => La clase, LangController, existe y se va a cargar.
[2023-02-20 17:44:09] => Funcion spl_autoload_register(LangController).
[2023-02-20 17:44:09] => Llamada a LangController::getLang().
[2023-02-20 17:44:09] => Metodo View::__construct().
[2023-02-20 17:44:09] => La clase, View, existe y se va a cargar.
[2023-02-20 17:44:09] => Funcion spl_autoload_register(View).
[2023-02-20 17:44:09] => La clase, RegisterView, existe y se va a cargar.
[2023-02-20 17:44:09] => Funcion spl_autoload_register(RegisterView).
[2023-02-20 17:44:09] => Llamada a RegisterView->show()
[2023-02-20 17:44:09] => Metodo RegisterController:show().
[2023-02-20 17:44:09] => La clase, RegisterController, existe y se va a cargar.
[2023-02-20 17:44:09] => Funcion spl_autoload_register(RegisterController).
[2023-02-20 17:44:09] => !!!! OJO CUANDO SE HAYA HECHO EL SANITIZE !!!!
[2023-02-20 17:44:09] => !!!! SANITIZE !!!!
[2023-02-20 17:44:09] => Metodo FrontController::dispatch().
[2023-02-20 17:44:09] => La clase, FrontController, existe y se va a cargar.
[2023-02-20 17:44:09] => Funcion spl_autoload_register(FrontController).
[2023-02-20 17:44:09] => Llamada a FrontController::dispatch().
[2023-02-20 17:44:09] => ## Nueva Carga ##

[2023-02-20 17:44:09] => ## Fin de Carga ##
[2023-02-20 17:44:09] => Carga de main.css.
[2023-02-20 17:44:09] => Carga de CSS.
[2023-02-20 17:44:09] => Carga de JS.
[2023-02-20 17:44:09] => Metodo MenuController::getMenu().
[2023-02-20 17:44:09] => La clase, MenuController, existe y se va a cargar.
[2023-02-20 17:44:09] => Funcion spl_autoload_register(MenuController).
[2023-02-20 17:44:09] => Llamada a MenuController::getMenu().
[2023-02-20 17:44:09] => Metodo LangController::getLang().
[2023-02-20 17:44:09] => La clase, LangController, existe y se va a cargar.
[2023-02-20 17:44:09] => Funcion spl_autoload_register(LangController).
[2023-02-20 17:44:09] => Llamada a LangController::getLang().
[2023-02-20 17:44:09] => Metodo View::__construct().
[2023-02-20 17:44:09] => La clase, View, existe y se va a cargar.
[2023-02-20 17:44:09] => Funcion spl_autoload_register(View).
[2023-02-20 17:44:09] => La clase, RegisterView, existe y se va a cargar.
[2023-02-20 17:44:09] => Funcion spl_autoload_register(RegisterView).
[2023-02-20 17:44:09] => Llamada a RegisterView->show()
[2023-02-20 17:44:09] => Metodo RegisterController:show().
[2023-02-20 17:44:09] => La clase, RegisterController, existe y se va a cargar.
[2023-02-20 17:44:09] => Funcion spl_autoload_register(RegisterController).
[2023-02-20 17:44:09] => !!!! OJO CUANDO SE HAYA HECHO EL SANITIZE !!!!
[2023-02-20 17:44:09] => !!!! SANITIZE !!!!
[2023-02-20 17:44:09] => Metodo FrontController::dispatch().
[2023-02-20 17:44:09] => La clase, FrontController, existe y se va a cargar.
[2023-02-20 17:44:09] => Funcion spl_autoload_register(FrontController).
[2023-02-20 17:44:09] => Llamada a FrontController::dispatch().
[2023-02-20 17:44:09] => ## Nueva Carga ##

[2023-02-20 17:44:08] => ## Fin de Carga ##
[2023-02-20 17:44:08] => Carga de main.css.
[2023-02-20 17:44:08] => Carga de CSS.
[2023-02-20 17:44:08] => Carga de JS.
[2023-02-20 17:44:08] => Metodo MenuController::getMenu().
[2023-02-20 17:44:08] => La clase, MenuController, existe y se va a cargar.
[2023-02-20 17:44:08] => Funcion spl_autoload_register(MenuController).
[2023-02-20 17:44:08] => Llamada a MenuController::getMenu().
[2023-02-20 17:44:08] => Metodo LangController::getLang().
[2023-02-20 17:44:08] => La clase, LangController, existe y se va a cargar.
[2023-02-20 17:44:08] => Funcion spl_autoload_register(LangController).
[2023-02-20 17:44:08] => Llamada a LangController::getLang().
[2023-02-20 17:44:08] => Metodo View::__construct().
[2023-02-20 17:44:08] => La clase, View, existe y se va a cargar.
[2023-02-20 17:44:08] => Funcion spl_autoload_register(View).
[2023-02-20 17:44:08] => La clase, RegisterView, existe y se va a cargar.
[2023-02-20 17:44:08] => Funcion spl_autoload_register(RegisterView).
[2023-02-20 17:44:08] => Llamada a RegisterView->show()
[2023-02-20 17:44:08] => Metodo RegisterController:show().
[2023-02-20 17:44:08] => La clase, RegisterController, existe y se va a cargar.
[2023-02-20 17:44:08] => Funcion spl_autoload_register(RegisterController).
[2023-02-20 17:44:08] => !!!! OJO CUANDO SE HAYA HECHO EL SANITIZE !!!!
[2023-02-20 17:44:08] => !!!! SANITIZE !!!!
[2023-02-20 17:44:08] => Metodo FrontController::dispatch().
[2023-02-20 17:44:08] => La clase, FrontController, existe y se va a cargar.
[2023-02-20 17:44:08] => Funcion spl_autoload_register(FrontController).
[2023-02-20 17:44:08] => Llamada a FrontController::dispatch().
[2023-02-20 17:44:08] => ## Nueva Carga ##

[2023-02-20 17:44:08] => ## Fin de Carga ##
[2023-02-20 17:44:08] => Carga de main.css.
[2023-02-20 17:44:08] => Carga de CSS.
[2023-02-20 17:44:08] => Carga de JS.
[2023-02-20 17:44:08] => Metodo MenuController::getMenu().
[2023-02-20 17:44:08] => La clase, MenuController, existe y se va a cargar.
[2023-02-20 17:44:08] => Funcion spl_autoload_register(MenuController).
[2023-02-20 17:44:08] => Llamada a MenuController::getMenu().
[2023-02-20 17:44:08] => Metodo LangController::getLang().
[2023-02-20 17:44:08] => La clase, LangController, existe y se va a cargar.
[2023-02-20 17:44:08] => Funcion spl_autoload_register(LangController).
[2023-02-20 17:44:08] => Llamada a LangController::getLang().
[2023-02-20 17:44:08] => Metodo View::__construct().
[2023-02-20 17:44:08] => La clase, View, existe y se va a cargar.
[2023-02-20 17:44:08] => Funcion spl_autoload_register(View).
[2023-02-20 17:44:08] => La clase, RegisterView, existe y se va a cargar.
[2023-02-20 17:44:08] => Funcion spl_autoload_register(RegisterView).
[2023-02-20 17:44:08] => Llamada a RegisterView->show()
[2023-02-20 17:44:08] => Metodo RegisterController:show().
[2023-02-20 17:44:08] => La clase, RegisterController, existe y se va a cargar.
[2023-02-20 17:44:08] => Funcion spl_autoload_register(RegisterController).
[2023-02-20 17:44:08] => !!!! OJO CUANDO SE HAYA HECHO EL SANITIZE !!!!
[2023-02-20 17:44:08] => !!!! SANITIZE !!!!
[2023-02-20 17:44:08] => Metodo FrontController::dispatch().
[2023-02-20 17:44:08] => La clase, FrontController, existe y se va a cargar.
[2023-02-20 17:44:08] => Funcion spl_autoload_register(FrontController).
[2023-02-20 17:44:08] => Llamada a FrontController::dispatch().
[2023-02-20 17:44:08] => ## Nueva Carga ##

[2023-02-20 17:44:08] => ## Fin de Carga ##
[2023-02-20 17:44:08] => Carga de main.css.
[2023-02-20 17:44:08] => Carga de CSS.
[2023-02-20 17:44:08] => Carga de JS.
[2023-02-20 17:44:08] => Metodo MenuController::getMenu().
[2023-02-20 17:44:08] => La clase, MenuController, existe y se va a cargar.
[2023-02-20 17:44:08] => Funcion spl_autoload_register(MenuController).
[2023-02-20 17:44:08] => Llamada a MenuController::getMenu().
[2023-02-20 17:44:08] => Metodo LangController::getLang().
[2023-02-20 17:44:08] => La clase, LangController, existe y se va a cargar.
[2023-02-20 17:44:08] => Funcion spl_autoload_register(LangController).
[2023-02-20 17:44:08] => Llamada a LangController::getLang().
[2023-02-20 17:44:08] => Metodo View::__construct().
[2023-02-20 17:44:08] => La clase, View, existe y se va a cargar.
[2023-02-20 17:44:08] => Funcion spl_autoload_register(View).
[2023-02-20 17:44:08] => La clase, RegisterView, existe y se va a cargar.
[2023-02-20 17:44:08] => Funcion spl_autoload_register(RegisterView).
[2023-02-20 17:44:08] => Llamada a RegisterView->show()
[2023-02-20 17:44:08] => Metodo RegisterController:show().
[2023-02-20 17:44:08] => La clase, RegisterController, existe y se va a cargar.
[2023-02-20 17:44:08] => Funcion spl_autoload_register(RegisterController).
[2023-02-20 17:44:08] => !!!! OJO CUANDO SE HAYA HECHO EL SANITIZE !!!!
[2023-02-20 17:44:08] => !!!! SANITIZE !!!!
[2023-02-20 17:44:08] => Metodo FrontController::dispatch().
[2023-02-20 17:44:08] => La clase, FrontController, existe y se va a cargar.
[2023-02-20 17:44:08] => Funcion spl_autoload_register(FrontController).
[2023-02-20 17:44:08] => Llamada a FrontController::dispatch().
[2023-02-20 17:44:08] => ## Nueva Carga ##

[2023-02-20 17:44:07] => ## Fin de Carga ##
[2023-02-20 17:44:07] => Carga de main.css.
[2023-02-20 17:44:07] => Carga de CSS.
[2023-02-20 17:44:07] => Carga de JS.
[2023-02-20 17:44:07] => Metodo MenuController::getMenu().
[2023-02-20 17:44:07] => La clase, MenuController, existe y se va a cargar.
[2023-02-20 17:44:07] => Funcion spl_autoload_register(MenuController).
[2023-02-20 17:44:07] => Llamada a MenuController::getMenu().
[2023-02-20 17:44:07] => Metodo LangController::getLang().
[2023-02-20 17:44:07] => La clase, LangController, existe y se va a cargar.
[2023-02-20 17:44:07] => Funcion spl_autoload_register(LangController).
[2023-02-20 17:44:07] => Llamada a LangController::getLang().
[2023-02-20 17:44:07] => Metodo View::__construct().
[2023-02-20 17:44:07] => La clase, View, existe y se va a cargar.
[2023-02-20 17:44:07] => Funcion spl_autoload_register(View).
[2023-02-20 17:44:07] => La clase, RegisterView, existe y se va a cargar.
[2023-02-20 17:44:07] => Funcion spl_autoload_register(RegisterView).
[2023-02-20 17:44:07] => Llamada a RegisterView->show()
[2023-02-20 17:44:07] => Metodo RegisterController:show().
[2023-02-20 17:44:07] => La clase, RegisterController, existe y se va a cargar.
[2023-02-20 17:44:07] => Funcion spl_autoload_register(RegisterController).
[2023-02-20 17:44:07] => !!!! OJO CUANDO SE HAYA HECHO EL SANITIZE !!!!
[2023-02-20 17:44:07] => !!!! SANITIZE !!!!
[2023-02-20 17:44:07] => Metodo FrontController::dispatch().
[2023-02-20 17:44:07] => La clase, FrontController, existe y se va a cargar.
[2023-02-20 17:44:07] => Funcion spl_autoload_register(FrontController).
[2023-02-20 17:44:07] => Llamada a FrontController::dispatch().
[2023-02-20 17:44:07] => ## Nueva Carga ##

[2023-02-20 17:44:07] => ## Fin de Carga ##
[2023-02-20 17:44:07] => Carga de main.css.
[2023-02-20 17:44:07] => Carga de CSS.
[2023-02-20 17:44:07] => Carga de JS.
[2023-02-20 17:44:07] => Metodo MenuController::getMenu().
[2023-02-20 17:44:07] => La clase, MenuController, existe y se va a cargar.
[2023-02-20 17:44:07] => Funcion spl_autoload_register(MenuController).
[2023-02-20 17:44:07] => Llamada a MenuController::getMenu().
[2023-02-20 17:44:07] => Metodo LangController::getLang().
[2023-02-20 17:44:07] => La clase, LangController, existe y se va a cargar.
[2023-02-20 17:44:07] => Funcion spl_autoload_register(LangController).
[2023-02-20 17:44:07] => Llamada a LangController::getLang().
[2023-02-20 17:44:07] => Metodo View::__construct().
[2023-02-20 17:44:07] => La clase, View, existe y se va a cargar.
[2023-02-20 17:44:07] => Funcion spl_autoload_register(View).
[2023-02-20 17:44:07] => La clase, RegisterView, existe y se va a cargar.
[2023-02-20 17:44:07] => Funcion spl_autoload_register(RegisterView).
[2023-02-20 17:44:07] => Llamada a RegisterView->show()
[2023-02-20 17:44:07] => Metodo RegisterController:show().
[2023-02-20 17:44:07] => La clase, RegisterController, existe y se va a cargar.
[2023-02-20 17:44:07] => Funcion spl_autoload_register(RegisterController).
[2023-02-20 17:44:07] => !!!! OJO CUANDO SE HAYA HECHO EL SANITIZE !!!!
[2023-02-20 17:44:07] => !!!! SANITIZE !!!!
[2023-02-20 17:44:07] => Metodo FrontController::dispatch().
[2023-02-20 17:44:07] => La clase, FrontController, existe y se va a cargar.
[2023-02-20 17:44:07] => Funcion spl_autoload_register(FrontController).
[2023-02-20 17:44:07] => Llamada a FrontController::dispatch().
[2023-02-20 17:44:07] => ## Nueva Carga ##

[2023-02-20 17:44:07] => ## Fin de Carga ##
[2023-02-20 17:44:07] => Carga de main.css.
[2023-02-20 17:44:07] => Carga de CSS.
[2023-02-20 17:44:07] => Carga de JS.
[2023-02-20 17:44:07] => Metodo MenuController::getMenu().
[2023-02-20 17:44:07] => La clase, MenuController, existe y se va a cargar.
[2023-02-20 17:44:07] => Funcion spl_autoload_register(MenuController).
[2023-02-20 17:44:07] => Llamada a MenuController::getMenu().
[2023-02-20 17:44:07] => Metodo LangController::getLang().
[2023-02-20 17:44:07] => La clase, LangController, existe y se va a cargar.
[2023-02-20 17:44:07] => Funcion spl_autoload_register(LangController).
[2023-02-20 17:44:07] => Llamada a LangController::getLang().
[2023-02-20 17:44:07] => Metodo View::__construct().
[2023-02-20 17:44:07] => La clase, View, existe y se va a cargar.
[2023-02-20 17:44:07] => Funcion spl_autoload_register(View).
[2023-02-20 17:44:07] => La clase, RegisterView, existe y se va a cargar.
[2023-02-20 17:44:07] => Funcion spl_autoload_register(RegisterView).
[2023-02-20 17:44:07] => Llamada a RegisterView->show()
[2023-02-20 17:44:07] => Metodo RegisterController:show().
[2023-02-20 17:44:07] => La clase, RegisterController, existe y se va a cargar.
[2023-02-20 17:44:07] => Funcion spl_autoload_register(RegisterController).
[2023-02-20 17:44:07] => !!!! OJO CUANDO SE HAYA HECHO EL SANITIZE !!!!
[2023-02-20 17:44:07] => !!!! SANITIZE !!!!
[2023-02-20 17:44:07] => Metodo FrontController::dispatch().
[2023-02-20 17:44:07] => La clase, FrontController, existe y se va a cargar.
[2023-02-20 17:44:07] => Funcion spl_autoload_register(FrontController).
[2023-02-20 17:44:07] => Llamada a FrontController::dispatch().
[2023-02-20 17:44:07] => ## Nueva Carga ##

[2023-02-20 17:44:07] => ## Fin de Carga ##
[2023-02-20 17:44:07] => Carga de main.css.
[2023-02-20 17:44:07] => Carga de CSS.
[2023-02-20 17:44:07] => Carga de JS.
[2023-02-20 17:44:07] => Metodo MenuController::getMenu().
[2023-02-20 17:44:07] => La clase, MenuController, existe y se va a cargar.
[2023-02-20 17:44:07] => Funcion spl_autoload_register(MenuController).
[2023-02-20 17:44:07] => Llamada a MenuController::getMenu().
[2023-02-20 17:44:07] => Metodo LangController::getLang().
[2023-02-20 17:44:07] => La clase, LangController, existe y se va a cargar.
[2023-02-20 17:44:07] => Funcion spl_autoload_register(LangController).
[2023-02-20 17:44:07] => Llamada a LangController::getLang().
[2023-02-20 17:44:07] => Metodo View::__construct().
[2023-02-20 17:44:07] => La clase, View, existe y se va a cargar.
[2023-02-20 17:44:07] => Funcion spl_autoload_register(View).
[2023-02-20 17:44:07] => La clase, RegisterView, existe y se va a cargar.
[2023-02-20 17:44:07] => Funcion spl_autoload_register(RegisterView).
[2023-02-20 17:44:07] => Llamada a RegisterView->show()
[2023-02-20 17:44:07] => Metodo RegisterController:show().
[2023-02-20 17:44:07] => La clase, RegisterController, existe y se va a cargar.
[2023-02-20 17:44:07] => Funcion spl_autoload_register(RegisterController).
[2023-02-20 17:44:07] => !!!! OJO CUANDO SE HAYA HECHO EL SANITIZE !!!!
[2023-02-20 17:44:07] => !!!! SANITIZE !!!!
[2023-02-20 17:44:07] => Metodo FrontController::dispatch().
[2023-02-20 17:44:07] => La clase, FrontController, existe y se va a cargar.
[2023-02-20 17:44:07] => Funcion spl_autoload_register(FrontController).
[2023-02-20 17:44:07] => Llamada a FrontController::dispatch().
[2023-02-20 17:44:07] => ## Nueva Carga ##

[2023-02-20 17:44:07] => ## Fin de Carga ##
[2023-02-20 17:44:07] => Carga de main.css.
[2023-02-20 17:44:07] => Carga de CSS.
[2023-02-20 17:44:07] => Carga de JS.
[2023-02-20 17:44:07] => Metodo MenuController::getMenu().
[2023-02-20 17:44:07] => La clase, MenuController, existe y se va a cargar.
[2023-02-20 17:44:07] => Funcion spl_autoload_register(MenuController).
[2023-02-20 17:44:07] => Llamada a MenuController::getMenu().
[2023-02-20 17:44:07] => Metodo LangController::getLang().
[2023-02-20 17:44:07] => La clase, LangController, existe y se va a cargar.
[2023-02-20 17:44:07] => Funcion spl_autoload_register(LangController).
[2023-02-20 17:44:07] => Llamada a LangController::getLang().
[2023-02-20 17:44:07] => Metodo View::__construct().
[2023-02-20 17:44:07] => La clase, View, existe y se va a cargar.
[2023-02-20 17:44:07] => Funcion spl_autoload_register(View).
[2023-02-20 17:44:07] => La clase, RegisterView, existe y se va a cargar.
[2023-02-20 17:44:07] => Funcion spl_autoload_register(RegisterView).
[2023-02-20 17:44:07] => Llamada a RegisterView->show()
[2023-02-20 17:44:07] => Metodo RegisterController:show().
[2023-02-20 17:44:07] => La clase, RegisterController, existe y se va a cargar.
[2023-02-20 17:44:07] => Funcion spl_autoload_register(RegisterController).
[2023-02-20 17:44:07] => !!!! OJO CUANDO SE HAYA HECHO EL SANITIZE !!!!
[2023-02-20 17:44:07] => !!!! SANITIZE !!!!
[2023-02-20 17:44:07] => Metodo FrontController::dispatch().
[2023-02-20 17:44:07] => La clase, FrontController, existe y se va a cargar.
[2023-02-20 17:44:07] => Funcion spl_autoload_register(FrontController).
[2023-02-20 17:44:07] => Llamada a FrontController::dispatch().
[2023-02-20 17:44:07] => ## Nueva Carga ##

[2023-02-20 17:44:06] => ## Fin de Carga ##
[2023-02-20 17:44:06] => Carga de main.css.
[2023-02-20 17:44:06] => Carga de CSS.
[2023-02-20 17:44:06] => Carga de JS.
[2023-02-20 17:44:06] => Metodo MenuController::getMenu().
[2023-02-20 17:44:06] => La clase, MenuController, existe y se va a cargar.
[2023-02-20 17:44:06] => Funcion spl_autoload_register(MenuController).
[2023-02-20 17:44:06] => Llamada a MenuController::getMenu().
[2023-02-20 17:44:06] => Metodo LangController::getLang().
[2023-02-20 17:44:06] => La clase, LangController, existe y se va a cargar.
[2023-02-20 17:44:06] => Funcion spl_autoload_register(LangController).
[2023-02-20 17:44:06] => Llamada a LangController::getLang().
[2023-02-20 17:44:06] => Metodo View::__construct().
[2023-02-20 17:44:06] => La clase, View, existe y se va a cargar.
[2023-02-20 17:44:06] => Funcion spl_autoload_register(View).
[2023-02-20 17:44:06] => La clase, RegisterView, existe y se va a cargar.
[2023-02-20 17:44:06] => Funcion spl_autoload_register(RegisterView).
[2023-02-20 17:44:06] => Llamada a RegisterView->show()
[2023-02-20 17:44:06] => Metodo RegisterController:show().
[2023-02-20 17:44:06] => La clase, RegisterController, existe y se va a cargar.
[2023-02-20 17:44:06] => Funcion spl_autoload_register(RegisterController).
[2023-02-20 17:44:06] => !!!! OJO CUANDO SE HAYA HECHO EL SANITIZE !!!!
[2023-02-20 17:44:06] => !!!! SANITIZE !!!!
[2023-02-20 17:44:06] => Metodo FrontController::dispatch().
[2023-02-20 17:44:06] => La clase, FrontController, existe y se va a cargar.
[2023-02-20 17:44:06] => Funcion spl_autoload_register(FrontController).
[2023-02-20 17:44:06] => Llamada a FrontController::dispatch().
[2023-02-20 17:44:06] => ## Nueva Carga ##

[2023-02-20 17:44:06] => ## Fin de Carga ##
[2023-02-20 17:44:06] => Carga de main.css.
[2023-02-20 17:44:06] => Carga de CSS.
[2023-02-20 17:44:06] => Carga de JS.
[2023-02-20 17:44:06] => Metodo MenuController::getMenu().
[2023-02-20 17:44:06] => La clase, MenuController, existe y se va a cargar.
[2023-02-20 17:44:06] => Funcion spl_autoload_register(MenuController).
[2023-02-20 17:44:06] => Llamada a MenuController::getMenu().
[2023-02-20 17:44:06] => Metodo LangController::getLang().
[2023-02-20 17:44:06] => La clase, LangController, existe y se va a cargar.
[2023-02-20 17:44:06] => Funcion spl_autoload_register(LangController).
[2023-02-20 17:44:06] => Llamada a LangController::getLang().
[2023-02-20 17:44:06] => Metodo View::__construct().
[2023-02-20 17:44:06] => La clase, View, existe y se va a cargar.
[2023-02-20 17:44:06] => Funcion spl_autoload_register(View).
[2023-02-20 17:44:06] => La clase, RegisterView, existe y se va a cargar.
[2023-02-20 17:44:06] => Funcion spl_autoload_register(RegisterView).
[2023-02-20 17:44:06] => Llamada a RegisterView->show()
[2023-02-20 17:44:06] => Metodo RegisterController:show().
[2023-02-20 17:44:06] => La clase, RegisterController, existe y se va a cargar.
[2023-02-20 17:44:06] => Funcion spl_autoload_register(RegisterController).
[2023-02-20 17:44:06] => !!!! OJO CUANDO SE HAYA HECHO EL SANITIZE !!!!
[2023-02-20 17:44:06] => !!!! SANITIZE !!!!
[2023-02-20 17:44:06] => Metodo FrontController::dispatch().
[2023-02-20 17:44:06] => La clase, FrontController, existe y se va a cargar.
[2023-02-20 17:44:06] => Funcion spl_autoload_register(FrontController).
[2023-02-20 17:44:06] => Llamada a FrontController::dispatch().
[2023-02-20 17:44:06] => ## Nueva Carga ##

[2023-02-20 17:44:05] => ## Fin de Carga ##
[2023-02-20 17:44:05] => Carga de main.css.
[2023-02-20 17:44:05] => Carga de CSS.
[2023-02-20 17:44:05] => Carga de JS.
[2023-02-20 17:44:05] => Metodo MenuController::getMenu().
[2023-02-20 17:44:05] => La clase, MenuController, existe y se va a cargar.
[2023-02-20 17:44:05] => Funcion spl_autoload_register(MenuController).
[2023-02-20 17:44:05] => Llamada a MenuController::getMenu().
[2023-02-20 17:44:05] => Metodo LangController::getLang().
[2023-02-20 17:44:05] => La clase, LangController, existe y se va a cargar.
[2023-02-20 17:44:05] => Funcion spl_autoload_register(LangController).
[2023-02-20 17:44:05] => Llamada a LangController::getLang().
[2023-02-20 17:44:05] => Metodo View::__construct().
[2023-02-20 17:44:05] => La clase, View, existe y se va a cargar.
[2023-02-20 17:44:05] => Funcion spl_autoload_register(View).
[2023-02-20 17:44:05] => La clase, RegisterView, existe y se va a cargar.
[2023-02-20 17:44:05] => Funcion spl_autoload_register(RegisterView).
[2023-02-20 17:44:05] => Llamada a RegisterView->show()
[2023-02-20 17:44:05] => Metodo RegisterController:show().
[2023-02-20 17:44:05] => La clase, RegisterController, existe y se va a cargar.
[2023-02-20 17:44:05] => Funcion spl_autoload_register(RegisterController).
[2023-02-20 17:44:05] => !!!! OJO CUANDO SE HAYA HECHO EL SANITIZE !!!!
[2023-02-20 17:44:05] => !!!! SANITIZE !!!!
[2023-02-20 17:44:05] => Metodo FrontController::dispatch().
[2023-02-20 17:44:05] => La clase, FrontController, existe y se va a cargar.
[2023-02-20 17:44:05] => Funcion spl_autoload_register(FrontController).
[2023-02-20 17:44:05] => Llamada a FrontController::dispatch().
[2023-02-20 17:44:05] => ## Nueva Carga ##

[2023-02-20 17:44:05] => ## Fin de Carga ##
[2023-02-20 17:44:05] => Carga de main.css.
[2023-02-20 17:44:05] => Carga de CSS.
[2023-02-20 17:44:05] => Carga de JS.
[2023-02-20 17:44:05] => Metodo MenuController::getMenu().
[2023-02-20 17:44:05] => La clase, MenuController, existe y se va a cargar.
[2023-02-20 17:44:05] => Funcion spl_autoload_register(MenuController).
[2023-02-20 17:44:05] => Llamada a MenuController::getMenu().
[2023-02-20 17:44:05] => Metodo LangController::getLang().
[2023-02-20 17:44:05] => La clase, LangController, existe y se va a cargar.
[2023-02-20 17:44:05] => Funcion spl_autoload_register(LangController).
[2023-02-20 17:44:05] => Llamada a LangController::getLang().
[2023-02-20 17:44:05] => Metodo View::__construct().
[2023-02-20 17:44:05] => La clase, View, existe y se va a cargar.
[2023-02-20 17:44:05] => Funcion spl_autoload_register(View).
[2023-02-20 17:44:05] => La clase, RegisterView, existe y se va a cargar.
[2023-02-20 17:44:05] => Funcion spl_autoload_register(RegisterView).
[2023-02-20 17:44:05] => Llamada a RegisterView->show()
[2023-02-20 17:44:05] => Metodo RegisterController:show().
[2023-02-20 17:44:05] => La clase, RegisterController, existe y se va a cargar.
[2023-02-20 17:44:05] => Funcion spl_autoload_register(RegisterController).
[2023-02-20 17:44:05] => !!!! OJO CUANDO SE HAYA HECHO EL SANITIZE !!!!
[2023-02-20 17:44:05] => !!!! SANITIZE !!!!
[2023-02-20 17:44:05] => Metodo FrontController::dispatch().
[2023-02-20 17:44:05] => La clase, FrontController, existe y se va a cargar.
[2023-02-20 17:44:05] => Funcion spl_autoload_register(FrontController).
[2023-02-20 17:44:05] => Llamada a FrontController::dispatch().
[2023-02-20 17:44:05] => ## Nueva Carga ##

[2023-02-20 17:44:03] => ## Fin de Carga ##
[2023-02-20 17:44:03] => Carga de main.css.
[2023-02-20 17:44:03] => Carga de CSS.
[2023-02-20 17:44:03] => Carga de JS.
[2023-02-20 17:44:03] => Metodo MenuController::getMenu().
[2023-02-20 17:44:03] => La clase, MenuController, existe y se va a cargar.
[2023-02-20 17:44:03] => Funcion spl_autoload_register(MenuController).
[2023-02-20 17:44:03] => Llamada a MenuController::getMenu().
[2023-02-20 17:44:03] => Metodo LangController::getLang().
[2023-02-20 17:44:03] => La clase, LangController, existe y se va a cargar.
[2023-02-20 17:44:03] => Funcion spl_autoload_register(LangController).
[2023-02-20 17:44:03] => Llamada a LangController::getLang().
[2023-02-20 17:44:03] => Metodo View::__construct().
[2023-02-20 17:44:03] => La clase, View, existe y se va a cargar.
[2023-02-20 17:44:03] => Funcion spl_autoload_register(View).
[2023-02-20 17:44:03] => La clase, RegisterView, existe y se va a cargar.
[2023-02-20 17:44:03] => Funcion spl_autoload_register(RegisterView).
[2023-02-20 17:44:03] => Llamada a RegisterView->show()
[2023-02-20 17:44:03] => Metodo RegisterController:show().
[2023-02-20 17:44:03] => La clase, RegisterController, existe y se va a cargar.
[2023-02-20 17:44:03] => Funcion spl_autoload_register(RegisterController).
[2023-02-20 17:44:03] => !!!! OJO CUANDO SE HAYA HECHO EL SANITIZE !!!!
[2023-02-20 17:44:03] => !!!! SANITIZE !!!!
[2023-02-20 17:44:03] => Metodo FrontController::dispatch().
[2023-02-20 17:44:03] => La clase, FrontController, existe y se va a cargar.
[2023-02-20 17:44:03] => Funcion spl_autoload_register(FrontController).
[2023-02-20 17:44:03] => Llamada a FrontController::dispatch().
[2023-02-20 17:44:03] => ## Nueva Carga ##

[2023-02-20 17:43:52] => ## Fin de Carga ##
[2023-02-20 17:43:52] => Carga de main.css.
[2023-02-20 17:43:52] => Carga de CSS.
[2023-02-20 17:43:52] => Carga de JS.
[2023-02-20 17:43:52] => Metodo MenuController::getMenu().
[2023-02-20 17:43:52] => La clase, MenuController, existe y se va a cargar.
[2023-02-20 17:43:52] => Funcion spl_autoload_register(MenuController).
[2023-02-20 17:43:52] => Llamada a MenuController::getMenu().
[2023-02-20 17:43:52] => Metodo LangController::getLang().
[2023-02-20 17:43:52] => La clase, LangController, existe y se va a cargar.
[2023-02-20 17:43:52] => Funcion spl_autoload_register(LangController).
[2023-02-20 17:43:52] => Llamada a LangController::getLang().
[2023-02-20 17:43:52] => Metodo View::__construct().
[2023-02-20 17:43:52] => La clase, View, existe y se va a cargar.
[2023-02-20 17:43:52] => Funcion spl_autoload_register(View).
[2023-02-20 17:43:52] => La clase, RegisterView, existe y se va a cargar.
[2023-02-20 17:43:52] => Funcion spl_autoload_register(RegisterView).
[2023-02-20 17:43:52] => Llamada a RegisterView->show()
[2023-02-20 17:43:52] => Metodo RegisterController:show().
[2023-02-20 17:43:52] => La clase, RegisterController, existe y se va a cargar.
[2023-02-20 17:43:52] => Funcion spl_autoload_register(RegisterController).
[2023-02-20 17:43:52] => !!!! OJO CUANDO SE HAYA HECHO EL SANITIZE !!!!
[2023-02-20 17:43:52] => !!!! SANITIZE !!!!
[2023-02-20 17:43:52] => Metodo FrontController::dispatch().
[2023-02-20 17:43:52] => La clase, FrontController, existe y se va a cargar.
[2023-02-20 17:43:52] => Funcion spl_autoload_register(FrontController).
[2023-02-20 17:43:52] => Llamada a FrontController::dispatch().
[2023-02-20 17:43:52] => ## Nueva Carga ##

[2023-02-20 17:42:48] => ## Fin de Carga ##
[2023-02-20 17:42:48] => Carga de main.css.
[2023-02-20 17:42:48] => Carga de CSS.
[2023-02-20 17:42:48] => Carga de JS.
[2023-02-20 17:42:48] => Metodo MenuController::getMenu().
[2023-02-20 17:42:48] => La clase, MenuController, existe y se va a cargar.
[2023-02-20 17:42:48] => Funcion spl_autoload_register(MenuController).
[2023-02-20 17:42:48] => Llamada a MenuController::getMenu().
[2023-02-20 17:42:48] => Metodo LangController::getLang().
[2023-02-20 17:42:48] => La clase, LangController, existe y se va a cargar.
[2023-02-20 17:42:48] => Funcion spl_autoload_register(LangController).
[2023-02-20 17:42:48] => Llamada a LangController::getLang().
[2023-02-20 17:42:48] => Metodo View::__construct().
[2023-02-20 17:42:48] => La clase, View, existe y se va a cargar.
[2023-02-20 17:42:48] => Funcion spl_autoload_register(View).
[2023-02-20 17:42:48] => La clase, RegisterView, existe y se va a cargar.
[2023-02-20 17:42:48] => Funcion spl_autoload_register(RegisterView).
[2023-02-20 17:42:48] => Llamada a RegisterView->show()
[2023-02-20 17:42:48] => Metodo RegisterController:show().
[2023-02-20 17:42:48] => La clase, RegisterController, existe y se va a cargar.
[2023-02-20 17:42:48] => Funcion spl_autoload_register(RegisterController).
[2023-02-20 17:42:48] => !!!! OJO CUANDO SE HAYA HECHO EL SANITIZE !!!!
[2023-02-20 17:42:48] => !!!! SANITIZE !!!!
[2023-02-20 17:42:48] => Metodo FrontController::dispatch().
[2023-02-20 17:42:48] => La clase, FrontController, existe y se va a cargar.
[2023-02-20 17:42:48] => Funcion spl_autoload_register(FrontController).
[2023-02-20 17:42:48] => Llamada a FrontController::dispatch().
[2023-02-20 17:42:48] => ## Nueva Carga ##

[2023-02-20 17:42:47] => ## Fin de Carga ##
[2023-02-20 17:42:47] => Carga de main.css.
[2023-02-20 17:42:47] => Carga de CSS.
[2023-02-20 17:42:47] => Carga de JS.
[2023-02-20 17:42:47] => Metodo MenuController::getMenu().
[2023-02-20 17:42:47] => La clase, MenuController, existe y se va a cargar.
[2023-02-20 17:42:47] => Funcion spl_autoload_register(MenuController).
[2023-02-20 17:42:47] => Llamada a MenuController::getMenu().
[2023-02-20 17:42:47] => Metodo LangController::getLang().
[2023-02-20 17:42:47] => La clase, LangController, existe y se va a cargar.
[2023-02-20 17:42:47] => Funcion spl_autoload_register(LangController).
[2023-02-20 17:42:47] => Llamada a LangController::getLang().
[2023-02-20 17:42:47] => Metodo View::__construct().
[2023-02-20 17:42:47] => La clase, View, existe y se va a cargar.
[2023-02-20 17:42:47] => Funcion spl_autoload_register(View).
[2023-02-20 17:42:47] => La clase, RegisterView, existe y se va a cargar.
[2023-02-20 17:42:47] => Funcion spl_autoload_register(RegisterView).
[2023-02-20 17:42:47] => Llamada a RegisterView->show()
[2023-02-20 17:42:47] => Metodo RegisterController:show().
[2023-02-20 17:42:47] => La clase, RegisterController, existe y se va a cargar.
[2023-02-20 17:42:47] => Funcion spl_autoload_register(RegisterController).
[2023-02-20 17:42:47] => !!!! OJO CUANDO SE HAYA HECHO EL SANITIZE !!!!
[2023-02-20 17:42:47] => !!!! SANITIZE !!!!
[2023-02-20 17:42:47] => Metodo FrontController::dispatch().
[2023-02-20 17:42:47] => La clase, FrontController, existe y se va a cargar.
[2023-02-20 17:42:47] => Funcion spl_autoload_register(FrontController).
[2023-02-20 17:42:47] => Llamada a FrontController::dispatch().
[2023-02-20 17:42:47] => ## Nueva Carga ##

[2023-02-20 17:42:47] => ## Fin de Carga ##
[2023-02-20 17:42:47] => Carga de main.css.
[2023-02-20 17:42:47] => Carga de CSS.
[2023-02-20 17:42:47] => Carga de JS.
[2023-02-20 17:42:47] => Metodo MenuController::getMenu().
[2023-02-20 17:42:47] => La clase, MenuController, existe y se va a cargar.
[2023-02-20 17:42:47] => Funcion spl_autoload_register(MenuController).
[2023-02-20 17:42:47] => Llamada a MenuController::getMenu().
[2023-02-20 17:42:47] => Metodo LangController::getLang().
[2023-02-20 17:42:47] => La clase, LangController, existe y se va a cargar.
[2023-02-20 17:42:47] => Funcion spl_autoload_register(LangController).
[2023-02-20 17:42:47] => Llamada a LangController::getLang().
[2023-02-20 17:42:47] => Metodo View::__construct().
[2023-02-20 17:42:47] => La clase, View, existe y se va a cargar.
[2023-02-20 17:42:47] => Funcion spl_autoload_register(View).
[2023-02-20 17:42:47] => La clase, RegisterView, existe y se va a cargar.
[2023-02-20 17:42:47] => Funcion spl_autoload_register(RegisterView).
[2023-02-20 17:42:47] => Llamada a RegisterView->show()
[2023-02-20 17:42:47] => Metodo RegisterController:show().
[2023-02-20 17:42:47] => La clase, RegisterController, existe y se va a cargar.
[2023-02-20 17:42:47] => Funcion spl_autoload_register(RegisterController).
[2023-02-20 17:42:47] => !!!! OJO CUANDO SE HAYA HECHO EL SANITIZE !!!!
[2023-02-20 17:42:47] => !!!! SANITIZE !!!!
[2023-02-20 17:42:47] => Metodo FrontController::dispatch().
[2023-02-20 17:42:47] => La clase, FrontController, existe y se va a cargar.
[2023-02-20 17:42:47] => Funcion spl_autoload_register(FrontController).
[2023-02-20 17:42:47] => Llamada a FrontController::dispatch().
[2023-02-20 17:42:47] => ## Nueva Carga ##

[2023-02-20 17:42:46] => ## Fin de Carga ##
[2023-02-20 17:42:46] => Carga de main.css.
[2023-02-20 17:42:46] => Carga de CSS.
[2023-02-20 17:42:46] => Carga de JS.
[2023-02-20 17:42:46] => Metodo MenuController::getMenu().
[2023-02-20 17:42:46] => La clase, MenuController, existe y se va a cargar.
[2023-02-20 17:42:46] => Funcion spl_autoload_register(MenuController).
[2023-02-20 17:42:46] => Llamada a MenuController::getMenu().
[2023-02-20 17:42:46] => Metodo LangController::getLang().
[2023-02-20 17:42:46] => La clase, LangController, existe y se va a cargar.
[2023-02-20 17:42:46] => Funcion spl_autoload_register(LangController).
[2023-02-20 17:42:46] => Llamada a LangController::getLang().
[2023-02-20 17:42:46] => Metodo View::__construct().
[2023-02-20 17:42:46] => La clase, View, existe y se va a cargar.
[2023-02-20 17:42:46] => Funcion spl_autoload_register(View).
[2023-02-20 17:42:46] => La clase, RegisterView, existe y se va a cargar.
[2023-02-20 17:42:46] => Funcion spl_autoload_register(RegisterView).
[2023-02-20 17:42:46] => Llamada a RegisterView->show()
[2023-02-20 17:42:46] => Metodo RegisterController:show().
[2023-02-20 17:42:46] => La clase, RegisterController, existe y se va a cargar.
[2023-02-20 17:42:46] => Funcion spl_autoload_register(RegisterController).
[2023-02-20 17:42:46] => !!!! OJO CUANDO SE HAYA HECHO EL SANITIZE !!!!
[2023-02-20 17:42:46] => !!!! SANITIZE !!!!
[2023-02-20 17:42:46] => Metodo FrontController::dispatch().
[2023-02-20 17:42:46] => La clase, FrontController, existe y se va a cargar.
[2023-02-20 17:42:46] => Funcion spl_autoload_register(FrontController).
[2023-02-20 17:42:46] => Llamada a FrontController::dispatch().
[2023-02-20 17:42:46] => ## Nueva Carga ##

[2023-02-20 17:42:45] => ## Fin de Carga ##
[2023-02-20 17:42:45] => Carga de main.css.
[2023-02-20 17:42:45] => Carga de CSS.
[2023-02-20 17:42:45] => Carga de JS.
[2023-02-20 17:42:45] => Metodo MenuController::getMenu().
[2023-02-20 17:42:45] => La clase, MenuController, existe y se va a cargar.
[2023-02-20 17:42:45] => Funcion spl_autoload_register(MenuController).
[2023-02-20 17:42:45] => Llamada a MenuController::getMenu().
[2023-02-20 17:42:45] => Metodo LangController::getLang().
[2023-02-20 17:42:45] => La clase, LangController, existe y se va a cargar.
[2023-02-20 17:42:45] => Funcion spl_autoload_register(LangController).
[2023-02-20 17:42:45] => Llamada a LangController::getLang().
[2023-02-20 17:42:45] => Metodo View::__construct().
[2023-02-20 17:42:45] => La clase, View, existe y se va a cargar.
[2023-02-20 17:42:45] => Funcion spl_autoload_register(View).
[2023-02-20 17:42:45] => La clase, RegisterView, existe y se va a cargar.
[2023-02-20 17:42:45] => Funcion spl_autoload_register(RegisterView).
[2023-02-20 17:42:45] => Llamada a RegisterView->show()
[2023-02-20 17:42:45] => Metodo RegisterController:show().
[2023-02-20 17:42:45] => La clase, RegisterController, existe y se va a cargar.
[2023-02-20 17:42:45] => Funcion spl_autoload_register(RegisterController).
[2023-02-20 17:42:45] => !!!! OJO CUANDO SE HAYA HECHO EL SANITIZE !!!!
[2023-02-20 17:42:45] => !!!! SANITIZE !!!!
[2023-02-20 17:42:45] => Metodo FrontController::dispatch().
[2023-02-20 17:42:45] => La clase, FrontController, existe y se va a cargar.
[2023-02-20 17:42:45] => Funcion spl_autoload_register(FrontController).
[2023-02-20 17:42:45] => Llamada a FrontController::dispatch().
[2023-02-20 17:42:45] => ## Nueva Carga ##

[2023-02-20 17:42:45] => ## Fin de Carga ##
[2023-02-20 17:42:45] => Carga de main.css.
[2023-02-20 17:42:45] => Carga de CSS.
[2023-02-20 17:42:45] => Carga de JS.
[2023-02-20 17:42:45] => Metodo MenuController::getMenu().
[2023-02-20 17:42:45] => La clase, MenuController, existe y se va a cargar.
[2023-02-20 17:42:45] => Funcion spl_autoload_register(MenuController).
[2023-02-20 17:42:45] => Llamada a MenuController::getMenu().
[2023-02-20 17:42:45] => Metodo LangController::getLang().
[2023-02-20 17:42:45] => La clase, LangController, existe y se va a cargar.
[2023-02-20 17:42:45] => Funcion spl_autoload_register(LangController).
[2023-02-20 17:42:45] => Llamada a LangController::getLang().
[2023-02-20 17:42:45] => Metodo View::__construct().
[2023-02-20 17:42:45] => La clase, View, existe y se va a cargar.
[2023-02-20 17:42:45] => Funcion spl_autoload_register(View).
[2023-02-20 17:42:45] => La clase, RegisterView, existe y se va a cargar.
[2023-02-20 17:42:45] => Funcion spl_autoload_register(RegisterView).
[2023-02-20 17:42:45] => Llamada a RegisterView->show()
[2023-02-20 17:42:45] => Metodo RegisterController:show().
[2023-02-20 17:42:45] => La clase, RegisterController, existe y se va a cargar.
[2023-02-20 17:42:45] => Funcion spl_autoload_register(RegisterController).
[2023-02-20 17:42:45] => !!!! OJO CUANDO SE HAYA HECHO EL SANITIZE !!!!
[2023-02-20 17:42:45] => !!!! SANITIZE !!!!
[2023-02-20 17:42:45] => Metodo FrontController::dispatch().
[2023-02-20 17:42:45] => La clase, FrontController, existe y se va a cargar.
[2023-02-20 17:42:45] => Funcion spl_autoload_register(FrontController).
[2023-02-20 17:42:45] => Llamada a FrontController::dispatch().
[2023-02-20 17:42:45] => ## Nueva Carga ##

[2023-02-20 17:42:44] => ## Fin de Carga ##
[2023-02-20 17:42:44] => Carga de main.css.
[2023-02-20 17:42:44] => Carga de CSS.
[2023-02-20 17:42:44] => Carga de JS.
[2023-02-20 17:42:44] => Metodo MenuController::getMenu().
[2023-02-20 17:42:44] => La clase, MenuController, existe y se va a cargar.
[2023-02-20 17:42:44] => Funcion spl_autoload_register(MenuController).
[2023-02-20 17:42:44] => Llamada a MenuController::getMenu().
[2023-02-20 17:42:44] => Metodo LangController::getLang().
[2023-02-20 17:42:44] => La clase, LangController, existe y se va a cargar.
[2023-02-20 17:42:44] => Funcion spl_autoload_register(LangController).
[2023-02-20 17:42:44] => Llamada a LangController::getLang().
[2023-02-20 17:42:44] => Metodo View::__construct().
[2023-02-20 17:42:44] => La clase, View, existe y se va a cargar.
[2023-02-20 17:42:44] => Funcion spl_autoload_register(View).
[2023-02-20 17:42:44] => La clase, RegisterView, existe y se va a cargar.
[2023-02-20 17:42:44] => Funcion spl_autoload_register(RegisterView).
[2023-02-20 17:42:44] => Llamada a RegisterView->show()
[2023-02-20 17:42:44] => Metodo RegisterController:show().
[2023-02-20 17:42:44] => La clase, RegisterController, existe y se va a cargar.
[2023-02-20 17:42:44] => Funcion spl_autoload_register(RegisterController).
[2023-02-20 17:42:44] => !!!! OJO CUANDO SE HAYA HECHO EL SANITIZE !!!!
[2023-02-20 17:42:44] => !!!! SANITIZE !!!!
[2023-02-20 17:42:44] => Metodo FrontController::dispatch().
[2023-02-20 17:42:44] => La clase, FrontController, existe y se va a cargar.
[2023-02-20 17:42:44] => Funcion spl_autoload_register(FrontController).
[2023-02-20 17:42:44] => Llamada a FrontController::dispatch().
[2023-02-20 17:42:44] => ## Nueva Carga ##

[2023-02-20 17:42:44] => ## Fin de Carga ##
[2023-02-20 17:42:44] => Carga de main.css.
[2023-02-20 17:42:44] => Carga de CSS.
[2023-02-20 17:42:44] => Carga de JS.
[2023-02-20 17:42:44] => Metodo MenuController::getMenu().
[2023-02-20 17:42:44] => La clase, MenuController, existe y se va a cargar.
[2023-02-20 17:42:44] => Funcion spl_autoload_register(MenuController).
[2023-02-20 17:42:44] => Llamada a MenuController::getMenu().
[2023-02-20 17:42:44] => Metodo LangController::getLang().
[2023-02-20 17:42:44] => La clase, LangController, existe y se va a cargar.
[2023-02-20 17:42:44] => Funcion spl_autoload_register(LangController).
[2023-02-20 17:42:44] => Llamada a LangController::getLang().
[2023-02-20 17:42:44] => Metodo View::__construct().
[2023-02-20 17:42:44] => La clase, View, existe y se va a cargar.
[2023-02-20 17:42:44] => Funcion spl_autoload_register(View).
[2023-02-20 17:42:44] => La clase, RegisterView, existe y se va a cargar.
[2023-02-20 17:42:44] => Funcion spl_autoload_register(RegisterView).
[2023-02-20 17:42:44] => Llamada a RegisterView->show()
[2023-02-20 17:42:44] => Metodo RegisterController:show().
[2023-02-20 17:42:44] => La clase, RegisterController, existe y se va a cargar.
[2023-02-20 17:42:44] => Funcion spl_autoload_register(RegisterController).
[2023-02-20 17:42:44] => !!!! OJO CUANDO SE HAYA HECHO EL SANITIZE !!!!
[2023-02-20 17:42:44] => !!!! SANITIZE !!!!
[2023-02-20 17:42:44] => Metodo FrontController::dispatch().
[2023-02-20 17:42:44] => La clase, FrontController, existe y se va a cargar.
[2023-02-20 17:42:44] => Funcion spl_autoload_register(FrontController).
[2023-02-20 17:42:44] => Llamada a FrontController::dispatch().
[2023-02-20 17:42:44] => ## Nueva Carga ##

[2023-02-20 17:42:43] => ## Fin de Carga ##
[2023-02-20 17:42:43] => Carga de main.css.
[2023-02-20 17:42:43] => Carga de CSS.
[2023-02-20 17:42:43] => Carga de JS.
[2023-02-20 17:42:43] => Metodo MenuController::getMenu().
[2023-02-20 17:42:43] => La clase, MenuController, existe y se va a cargar.
[2023-02-20 17:42:43] => Funcion spl_autoload_register(MenuController).
[2023-02-20 17:42:43] => Llamada a MenuController::getMenu().
[2023-02-20 17:42:43] => Metodo LangController::getLang().
[2023-02-20 17:42:43] => La clase, LangController, existe y se va a cargar.
[2023-02-20 17:42:43] => Funcion spl_autoload_register(LangController).
[2023-02-20 17:42:43] => Llamada a LangController::getLang().
[2023-02-20 17:42:43] => Metodo View::__construct().
[2023-02-20 17:42:43] => La clase, View, existe y se va a cargar.
[2023-02-20 17:42:43] => Funcion spl_autoload_register(View).
[2023-02-20 17:42:43] => La clase, RegisterView, existe y se va a cargar.
[2023-02-20 17:42:43] => Funcion spl_autoload_register(RegisterView).
[2023-02-20 17:42:43] => Llamada a RegisterView->show()
[2023-02-20 17:42:43] => Metodo RegisterController:show().
[2023-02-20 17:42:43] => La clase, RegisterController, existe y se va a cargar.
[2023-02-20 17:42:43] => Funcion spl_autoload_register(RegisterController).
[2023-02-20 17:42:43] => !!!! OJO CUANDO SE HAYA HECHO EL SANITIZE !!!!
[2023-02-20 17:42:43] => !!!! SANITIZE !!!!
[2023-02-20 17:42:43] => Metodo FrontController::dispatch().
[2023-02-20 17:42:43] => La clase, FrontController, existe y se va a cargar.
[2023-02-20 17:42:43] => Funcion spl_autoload_register(FrontController).
[2023-02-20 17:42:43] => Llamada a FrontController::dispatch().
[2023-02-20 17:42:43] => ## Nueva Carga ##

[2023-02-20 17:42:42] => ## Fin de Carga ##
[2023-02-20 17:42:42] => Carga de main.css.
[2023-02-20 17:42:42] => Carga de CSS.
[2023-02-20 17:42:42] => Carga de JS.
[2023-02-20 17:42:42] => Metodo MenuController::getMenu().
[2023-02-20 17:42:42] => La clase, MenuController, existe y se va a cargar.
[2023-02-20 17:42:42] => Funcion spl_autoload_register(MenuController).
[2023-02-20 17:42:42] => Llamada a MenuController::getMenu().
[2023-02-20 17:42:42] => Metodo LangController::getLang().
[2023-02-20 17:42:42] => La clase, LangController, existe y se va a cargar.
[2023-02-20 17:42:42] => Funcion spl_autoload_register(LangController).
[2023-02-20 17:42:42] => Llamada a LangController::getLang().
[2023-02-20 17:42:42] => Metodo View::__construct().
[2023-02-20 17:42:42] => La clase, View, existe y se va a cargar.
[2023-02-20 17:42:42] => Funcion spl_autoload_register(View).
[2023-02-20 17:42:42] => La clase, RegisterView, existe y se va a cargar.
[2023-02-20 17:42:42] => Funcion spl_autoload_register(RegisterView).
[2023-02-20 17:42:42] => Llamada a RegisterView->show()
[2023-02-20 17:42:42] => Metodo RegisterController:show().
[2023-02-20 17:42:42] => La clase, RegisterController, existe y se va a cargar.
[2023-02-20 17:42:42] => Funcion spl_autoload_register(RegisterController).
[2023-02-20 17:42:42] => !!!! OJO CUANDO SE HAYA HECHO EL SANITIZE !!!!
[2023-02-20 17:42:42] => !!!! SANITIZE !!!!
[2023-02-20 17:42:42] => Metodo FrontController::dispatch().
[2023-02-20 17:42:42] => La clase, FrontController, existe y se va a cargar.
[2023-02-20 17:42:42] => Funcion spl_autoload_register(FrontController).
[2023-02-20 17:42:42] => Llamada a FrontController::dispatch().
[2023-02-20 17:42:42] => ## Nueva Carga ##

[2023-02-20 17:42:41] => ## Fin de Carga ##
[2023-02-20 17:42:41] => Carga de main.css.
[2023-02-20 17:42:41] => Carga de CSS.
[2023-02-20 17:42:41] => Carga de JS.
[2023-02-20 17:42:41] => Metodo MenuController::getMenu().
[2023-02-20 17:42:41] => La clase, MenuController, existe y se va a cargar.
[2023-02-20 17:42:41] => Funcion spl_autoload_register(MenuController).
[2023-02-20 17:42:41] => Llamada a MenuController::getMenu().
[2023-02-20 17:42:41] => Metodo LangController::getLang().
[2023-02-20 17:42:41] => La clase, LangController, existe y se va a cargar.
[2023-02-20 17:42:41] => Funcion spl_autoload_register(LangController).
[2023-02-20 17:42:41] => Llamada a LangController::getLang().
[2023-02-20 17:42:41] => Metodo View::__construct().
[2023-02-20 17:42:41] => La clase, View, existe y se va a cargar.
[2023-02-20 17:42:41] => Funcion spl_autoload_register(View).
[2023-02-20 17:42:41] => La clase, RegisterView, existe y se va a cargar.
[2023-02-20 17:42:41] => Funcion spl_autoload_register(RegisterView).
[2023-02-20 17:42:41] => Llamada a RegisterView->show()
[2023-02-20 17:42:41] => Metodo RegisterController:show().
[2023-02-20 17:42:41] => La clase, RegisterController, existe y se va a cargar.
[2023-02-20 17:42:41] => Funcion spl_autoload_register(RegisterController).
[2023-02-20 17:42:41] => !!!! OJO CUANDO SE HAYA HECHO EL SANITIZE !!!!
[2023-02-20 17:42:41] => !!!! SANITIZE !!!!
[2023-02-20 17:42:41] => Metodo FrontController::dispatch().
[2023-02-20 17:42:41] => La clase, FrontController, existe y se va a cargar.
[2023-02-20 17:42:41] => Funcion spl_autoload_register(FrontController).
[2023-02-20 17:42:41] => Llamada a FrontController::dispatch().
[2023-02-20 17:42:41] => ## Nueva Carga ##

[2023-02-20 17:28:47] => ## Fin de Carga ##
[2023-02-20 17:28:47] => Carga de main.css.
[2023-02-20 17:28:47] => Carga de CSS.
[2023-02-20 17:28:47] => Carga de JS.
[2023-02-20 17:28:47] => Metodo MenuController::getMenu().
[2023-02-20 17:28:47] => La clase, MenuController, existe y se va a cargar.
[2023-02-20 17:28:47] => Funcion spl_autoload_register(MenuController).
[2023-02-20 17:28:47] => Llamada a MenuController::getMenu().
[2023-02-20 17:28:47] => Metodo LangController::getLang().
[2023-02-20 17:28:47] => La clase, LangController, existe y se va a cargar.
[2023-02-20 17:28:47] => Funcion spl_autoload_register(LangController).
[2023-02-20 17:28:47] => Llamada a LangController::getLang().
[2023-02-20 17:28:47] => Metodo View::__construct().
[2023-02-20 17:28:47] => La clase, View, existe y se va a cargar.
[2023-02-20 17:28:47] => Funcion spl_autoload_register(View).
[2023-02-20 17:28:47] => La clase, RegisterView, existe y se va a cargar.
[2023-02-20 17:28:47] => Funcion spl_autoload_register(RegisterView).
[2023-02-20 17:28:47] => Llamada a RegisterView->show()
[2023-02-20 17:28:47] => Metodo RegisterController:show().
[2023-02-20 17:28:47] => La clase, RegisterController, existe y se va a cargar.
[2023-02-20 17:28:47] => Funcion spl_autoload_register(RegisterController).
[2023-02-20 17:28:47] => !!!! OJO CUANDO SE HAYA HECHO EL SANITIZE !!!!
[2023-02-20 17:28:47] => !!!! SANITIZE !!!!
[2023-02-20 17:28:47] => Metodo FrontController::dispatch().
[2023-02-20 17:28:47] => La clase, FrontController, existe y se va a cargar.
[2023-02-20 17:28:47] => Funcion spl_autoload_register(FrontController).
[2023-02-20 17:28:47] => Llamada a FrontController::dispatch().
[2023-02-20 17:28:47] => ## Nueva Carga ##

[2023-02-20 03:42:16] => ## Fin de Carga ##
[2023-02-20 03:42:16] => Carga de main.css.
[2023-02-20 03:42:16] => Carga de CSS.
[2023-02-20 03:42:16] => Carga de JS.
[2023-02-20 03:42:16] => Metodo MenuController::getMenu().
[2023-02-20 03:42:16] => La clase, MenuController, existe y se va a cargar.
[2023-02-20 03:42:16] => Funcion spl_autoload_register(MenuController).
[2023-02-20 03:42:16] => Llamada a MenuController::getMenu().
[2023-02-20 03:42:16] => Metodo LangController::getLang().
[2023-02-20 03:42:16] => La clase, LangController, existe y se va a cargar.
[2023-02-20 03:42:16] => Funcion spl_autoload_register(LangController).
[2023-02-20 03:42:16] => Llamada a LangController::getLang().
[2023-02-20 03:42:16] => Metodo View::__construct().
[2023-02-20 03:42:16] => La clase, View, existe y se va a cargar.
[2023-02-20 03:42:16] => Funcion spl_autoload_register(View).
[2023-02-20 03:42:16] => La clase, RegisterView, existe y se va a cargar.
[2023-02-20 03:42:16] => Funcion spl_autoload_register(RegisterView).
[2023-02-20 03:42:16] => Llamada a RegisterView->show()
[2023-02-20 03:42:16] => Metodo RegisterController:show().
[2023-02-20 03:42:16] => La clase, RegisterController, existe y se va a cargar.
[2023-02-20 03:42:16] => Funcion spl_autoload_register(RegisterController).
[2023-02-20 03:42:16] => !!!! OJO CUANDO SE HAYA HECHO EL SANITIZE !!!!
[2023-02-20 03:42:16] => !!!! SANITIZE !!!!
[2023-02-20 03:42:16] => Metodo FrontController::dispatch().
[2023-02-20 03:42:16] => La clase, FrontController, existe y se va a cargar.
[2023-02-20 03:42:16] => Funcion spl_autoload_register(FrontController).
[2023-02-20 03:42:16] => Llamada a FrontController::dispatch().
[2023-02-20 03:42:16] => ## Nueva Carga ##
