[2023-02-18 19:50:52] => IP: ::1
[2023-02-18 19:49:01] => IP: ::1
[2023-02-18 19:49:00] => IP: ::1
[2023-02-18 19:48:28] => IP: ::1
[2023-02-18 19:48:26] => IP: ::1
[2023-02-18 19:47:52] => IP: ::1
[2023-02-18 19:47:31] => IP: ::1
[2023-02-18 19:47:12] => IP: ::1
[2023-02-18 19:39:54] => IP: ::1
[2023-02-18 19:37:55] => IP: ::1
[2023-02-18 19:37:52] => IP: ::1
[2023-02-18 19:37:28] => IP: ::1
[2023-02-18 19:33:39] => IP: ::1
[2023-02-18 19:31:53] => IP: ::1
[2023-02-18 19:31:26] => IP: ::1
[2023-02-18 19:28:57] => IP: ::1
[2023-02-18 19:27:23] => IP: ::1
[2023-02-18 19:27:00] => IP: ::1
[2023-02-18 19:24:09] => IP: ::1
[2023-02-18 19:23:49] => IP: ::1
[2023-02-18 19:23:22] => IP: ::1
[2023-02-18 19:23:03] => IP: ::1
[2023-02-18 19:22:41] => IP: ::1
[2023-02-18 19:22:30] => IP: ::1
[2023-02-18 19:21:43] => IP: ::1
[2023-02-18 19:20:54] => IP: ::1
[2023-02-18 19:20:50] => IP: ::1
[2023-02-18 19:20:05] => IP: ::1
[2023-02-18 19:19:20] => IP: ::1
[2023-02-18 19:18:39] => IP: ::1
[2023-02-18 19:18:27] => IP: ::1
[2023-02-18 19:18:06] => IP: ::1
[2023-02-18 19:14:55] => IP: ::1
[2023-02-18 19:14:14] => IP: ::1
[2023-02-18 19:13:20] => IP: ::1
[2023-02-18 19:13:07] => IP: ::1
[2023-02-18 19:12:58] => IP: ::1
[2023-02-18 19:10:47] => IP: ::1
[2023-02-18 19:10:40] => IP: ::1
[2023-02-18 19:09:04] => IP: ::1
[2023-02-18 19:09:01] => IP: ::1
[2023-02-18 19:08:28] => IP: ::1
[2023-02-18 19:08:05] => IP: ::1
[2023-02-18 19:06:56] => IP: ::1
[2023-02-18 19:06:55] => IP: ::1
[2023-02-18 19:06:20] => IP: ::1
[2023-02-18 19:05:34] => IP: ::1
[2023-02-18 19:05:30] => IP: ::1
[2023-02-18 19:04:37] => IP: ::1
[2023-02-18 19:04:32] => IP: ::1
[2023-02-18 19:04:26] => IP: ::1
[2023-02-18 19:03:48] => IP: ::1
[2023-02-18 19:03:41] => IP: ::1
[2023-02-18 19:03:39] => IP: ::1
[2023-02-18 19:03:29] => IP: ::1
[2023-02-18 19:03:18] => IP: ::1
[2023-02-18 19:02:49] => IP: ::1
[2023-02-18 19:02:04] => IP: ::1
[2023-02-18 19:01:59] => IP: ::1
[2023-02-18 19:01:35] => IP: ::1
[2023-02-18 19:01:25] => IP: ::1
[2023-02-18 19:01:02] => IP: ::1
[2023-02-18 19:00:22] => IP: ::1
[2023-02-18 19:00:20] => IP: ::1
[2023-02-18 18:59:47] => IP: ::1
[2023-02-18 18:58:21] => IP: ::1
[2023-02-18 18:58:01] => IP: ::1
[2023-02-18 18:56:17] => IP: ::1
[2023-02-18 18:56:10] => IP: ::1
[2023-02-18 18:55:09] => IP: ::1
[2023-02-18 18:52:46] => IP: ::1
[2023-02-18 18:52:38] => IP: ::1
[2023-02-18 18:52:32] => IP: ::1
[2023-02-18 18:52:30] => IP: ::1
[2023-02-18 18:50:28] => IP: ::1
[2023-02-18 18:50:11] => IP: ::1
[2023-02-18 18:49:59] => IP: ::1
[2023-02-18 18:49:56] => IP: ::1
[2023-02-18 18:49:03] => IP: ::1
[2023-02-18 18:48:41] => IP: ::1
[2023-02-18 18:48:23] => IP: ::1
[2023-02-18 18:47:55] => IP: ::1
[2023-02-18 18:47:45] => IP: ::1
[2023-02-18 18:47:28] => IP: ::1
[2023-02-18 18:47:10] => IP: ::1
[2023-02-18 18:46:49] => IP: ::1
[2023-02-18 18:46:36] => IP: ::1
[2023-02-18 18:46:36] => IP: ::1
[2023-02-18 18:46:33] => IP: ::1
[2023-02-18 18:46:07] => IP: ::1
[2023-02-18 18:45:57] => IP: ::1
[2023-02-18 18:45:23] => IP: ::1
[2023-02-18 18:44:39] => IP: ::1
[2023-02-18 18:44:27] => IP: ::1
[2023-02-18 18:44:10] => IP: ::1
[2023-02-18 18:44:05] => IP: ::1
[2023-02-18 18:43:55] => IP: ::1
[2023-02-18 18:43:28] => IP: ::1
[2023-02-18 18:41:16] => IP: ::1
[2023-02-18 18:40:52] => IP: ::1
[2023-02-18 18:40:46] => IP: ::1
[2023-02-18 18:40:43] => IP: ::1
[2023-02-18 18:40:39] => IP: ::1
[2023-02-18 18:38:39] => IP: ::1
[2023-02-18 18:35:24] => IP: ::1
[2023-02-18 18:35:18] => IP: ::1
[2023-02-18 18:34:53] => IP: ::1
[2023-02-18 18:34:39] => IP: ::1
[2023-02-18 18:34:34] => IP: ::1
[2023-02-18 18:34:05] => IP: ::1
[2023-02-18 18:33:09] => IP: ::1
[2023-02-18 18:32:03] => IP: ::1
[2023-02-18 18:28:40] => IP: ::1
[2023-02-18 18:28:32] => IP: ::1
[2023-02-18 18:28:29] => IP: ::1
[2023-02-18 18:22:19] => IP: ::1
[2023-02-18 18:22:10] => IP: ::1
[2023-02-18 18:21:00] => IP: ::1
[2023-02-18 18:20:39] => IP: ::1
[2023-02-18 18:20:30] => IP: ::1
[2023-02-18 18:19:57] => IP: ::1
[2023-02-18 18:19:44] => IP: ::1
[2023-02-18 18:19:23] => IP: ::1
[2023-02-18 18:19:02] => IP: ::1
[2023-02-18 18:18:54] => IP: ::1
[2023-02-18 18:18:49] => IP: ::1
[2023-02-18 18:18:36] => IP: ::1
[2023-02-18 18:18:30] => IP: ::1
[2023-02-18 18:18:27] => IP: ::1
[2023-02-18 18:16:29] => IP: ::1
[2023-02-18 18:16:18] => IP: ::1
[2023-02-18 18:15:33] => IP: ::1
[2023-02-18 18:15:23] => IP: ::1
[2023-02-18 18:15:03] => IP: ::1
[2023-02-18 18:14:49] => IP: ::1
[2023-02-18 18:14:35] => IP: ::1
[2023-02-18 18:14:28] => IP: ::1
[2023-02-18 18:13:12] => IP: ::1
[2023-02-18 18:12:36] => IP: ::1
[2023-02-18 18:11:59] => IP: ::1
[2023-02-18 18:11:41] => IP: ::1
[2023-02-18 18:11:33] => IP: ::1
[2023-02-18 18:11:31] => IP: ::1
[2023-02-18 18:07:39] => IP: ::1
[2023-02-18 18:07:29] => IP: ::1
[2023-02-18 18:07:09] => IP: ::1
[2023-02-18 18:04:50] => IP: ::1
[2023-02-18 18:04:29] => IP: ::1
[2023-02-18 18:04:04] => IP: ::1
[2023-02-18 18:03:50] => IP: ::1
[2023-02-18 17:46:43] => IP: 192.168.1.69
[2023-02-18 17:46:43] => IP: 192.168.1.69
[2023-02-18 17:45:06] => IP: ::1
[2023-02-17 18:04:08] => IP: ::1
[2023-02-17 17:54:16] => IP: ::1
[2023-02-17 17:53:55] => IP: ::1
[2023-02-17 17:53:37] => IP: ::1
[2023-02-16 19:36:17] => IP: ::1
[2023-02-16 18:03:11] => IP: ::1
[2023-02-16 18:02:56] => IP: ::1
[2023-02-16 18:02:14] => IP: ::1
[2023-02-16 18:01:54] => IP: ::1
[2023-02-16 18:01:54] => IP: ::1
[2023-02-16 18:01:54] => IP: ::1
[2023-02-16 18:01:54] => IP: ::1
[2023-02-16 18:01:54] => IP: ::1
[2023-02-16 18:01:54] => IP: ::1
[2023-02-16 18:01:54] => IP: ::1
[2023-02-16 18:01:54] => IP: ::1
[2023-02-16 18:01:54] => IP: ::1
[2023-02-16 18:01:54] => IP: ::1
[2023-02-16 18:01:54] => IP: ::1
[2023-02-16 18:01:53] => IP: ::1
[2023-02-16 18:01:53] => IP: ::1
[2023-02-16 18:01:53] => IP: ::1
[2023-02-16 18:01:53] => IP: ::1
[2023-02-16 18:01:53] => IP: ::1
[2023-02-16 18:01:53] => IP: ::1
[2023-02-16 18:01:53] => IP: ::1
[2023-02-16 18:01:53] => IP: ::1
[2023-02-16 18:01:53] => IP: ::1
[2023-02-16 18:01:48] => IP: ::1
[2023-02-16 18:01:47] => IP: ::1
[2023-02-16 18:01:47] => IP: ::1
[2023-02-16 18:01:47] => IP: ::1
[2023-02-16 18:01:47] => IP: ::1
[2023-02-16 18:01:47] => IP: ::1
[2023-02-16 18:01:47] => IP: ::1
[2023-02-16 18:01:47] => IP: ::1
[2023-02-16 18:01:47] => IP: ::1
[2023-02-16 18:01:47] => IP: ::1
[2023-02-16 18:01:47] => IP: ::1
[2023-02-16 18:01:47] => IP: ::1
[2023-02-16 18:01:47] => IP: ::1
[2023-02-16 18:01:47] => IP: ::1
[2023-02-16 18:01:47] => IP: ::1
[2023-02-16 18:01:47] => IP: ::1
[2023-02-16 18:01:47] => IP: ::1
[2023-02-16 18:01:46] => IP: ::1
[2023-02-16 18:01:46] => IP: ::1
[2023-02-16 18:01:46] => IP: ::1
[2023-02-16 18:01:45] => IP: ::1
[2023-02-16 18:01:45] => IP: ::1
[2023-02-16 18:01:45] => IP: ::1
[2023-02-16 18:01:45] => IP: ::1
[2023-02-16 18:01:45] => IP: ::1
[2023-02-16 18:01:45] => IP: ::1
[2023-02-16 18:01:45] => IP: ::1
[2023-02-16 18:01:45] => IP: ::1
[2023-02-16 18:01:45] => IP: ::1
[2023-02-16 18:01:45] => IP: ::1
[2023-02-16 18:01:45] => IP: ::1
[2023-02-16 18:01:45] => IP: ::1
[2023-02-16 18:01:45] => IP: ::1
[2023-02-16 18:01:45] => IP: ::1
[2023-02-16 18:01:44] => IP: ::1
[2023-02-16 18:01:44] => IP: ::1
[2023-02-16 18:01:44] => IP: ::1
[2023-02-16 18:01:44] => IP: ::1
[2023-02-16 18:01:44] => IP: ::1
[2023-02-16 18:01:44] => IP: ::1
[2023-02-16 17:59:34] => IP: ::1
[2023-02-16 17:54:31] => IP: ::1
[2023-02-16 17:22:40] => IP: ::1
[2023-02-16 17:22:05] => IP: ::1
[2023-02-16 17:17:10] => IP: ::1
[2023-02-16 17:06:53] => IP: ::1
[2023-02-16 17:05:36] => IP: ::1
[2023-02-16 17:03:04] => IP: ::1
[2023-02-16 17:03:00] => IP: ::1
[2023-02-16 17:02:58] => IP: ::1
[2023-02-16 17:02:26] => IP: ::1
[2023-02-16 17:02:24] => IP: ::1
[2023-02-16 17:01:56] => IP: ::1
[2023-02-16 17:01:24] => IP: ::1
[2023-02-16 17:01:05] => IP: ::1
[2023-02-16 17:00:13] => IP: ::1
[2023-02-16 16:59:54] => IP: ::1
[2023-02-16 16:59:54] => IP: ::1
[2023-02-16 16:59:54] => IP: ::1
[2023-02-16 16:59:53] => IP: ::1
[2023-02-16 16:59:52] => IP: ::1
[2023-02-16 16:59:33] => IP: ::1
[2023-02-16 16:59:32] => IP: ::1
[2023-02-16 16:59:29] => IP: ::1
[2023-02-16 16:59:28] => IP: ::1
[2023-02-16 16:39:06] => IP: ::1
[2023-02-16 16:38:35] => IP: ::1
[2023-02-16 16:35:51] => IP: ::1
[2023-02-16 16:35:12] => IP: ::1
[2023-02-16 16:34:16] => IP: ::1
[2023-02-16 16:34:06] => IP: ::1
[2023-02-16 16:34:03] => IP: ::1
[2023-02-16 16:33:41] => IP: ::1
[2023-02-16 16:33:36] => IP: ::1
[2023-02-16 16:28:39] => IP: ::1
[2023-02-16 16:28:13] => IP: ::1
[2023-02-16 16:28:01] => IP: ::1
[2023-02-16 16:27:52] => IP: ::1
[2023-02-16 16:27:45] => IP: ::1
[2023-02-16 16:25:36] => IP: ::1
[2023-02-16 16:25:14] => IP: ::1
[2023-02-16 16:24:56] => IP: ::1
[2023-02-16 16:24:14] => IP: ::1
[2023-02-16 16:23:40] => IP: ::1
[2023-02-16 16:23:24] => IP: ::1
[2023-02-16 16:23:03] => IP: ::1
[2023-02-16 16:22:59] => IP: ::1
[2023-02-16 16:21:54] => IP: ::1
[2023-02-16 16:19:12] => IP: ::1
[2023-02-16 16:18:58] => IP: ::1
[2023-02-16 16:17:55] => IP: ::1
[2023-02-16 16:17:44] => IP: ::1
[2023-02-16 16:13:42] => IP: ::1
[2023-02-16 16:09:34] => IP: ::1
[2023-02-16 16:06:26] => IP: ::1
[2023-02-16 16:03:09] => IP: ::1
[2023-02-16 16:00:30] => IP: ::1
[2023-02-16 15:59:43] => IP: ::1
[2023-02-16 15:59:25] => IP: ::1
[2023-02-16 15:58:00] => IP: ::1
[2023-02-16 15:57:28] => IP: ::1
[2023-02-16 15:56:01] => IP: ::1
[2023-02-16 15:53:15] => IP: ::1
[2023-02-16 15:51:58] => IP: ::1
[2023-02-16 15:51:03] => IP: ::1
[2023-02-16 15:49:36] => IP: ::1
[2023-02-16 15:41:35] => IP: ::1
[2023-02-16 15:40:23] => IP: ::1
[2023-02-16 15:39:47] => IP: ::1
[2023-02-16 15:38:38] => IP: ::1
[2023-02-16 15:37:20] => IP: ::1
[2023-02-16 15:35:41] => IP: ::1
[2023-02-16 02:52:24] => IP: ::1
[2023-02-16 02:52:18] => IP: ::1
 [2023-02-16 02:51:48] => IP: ::1
 . [2023-02-16 02:50:52] => IP: ::1
 . [2023-02-16 02:50:33] => IP: ::1
 . [2023-02-16 02:49:38] => IP: ::1
 . [2023-02-16 02:48:19] => IP: ::1
 . [2023-02-16 02:46:35] => IP: ::1
 . [2023-02-16 02:46:08] => IP: ::1
 . [2023-02-16 02:44:52] => IP: ::1
 . [2023-02-16 02:42:37] => IP: ::1
 . [2023-02-16 02:40:28] => IP: ::1
 . [2023-02-16 02:40:05] => IP: ::1
 . [2023-02-16 02:38:34] => IP: ::1
 . [2023-02-16 02:38:13] => IP: ::1
 . [2023-02-16 02:38:12] => IP: ::1
 . [2023-02-16 02:38:12] => IP: ::1
 . [2023-02-16 02:38:12] => IP: ::1
 . [2023-02-16 02:38:12] => IP: ::1
 . [2023-02-16 02:38:12] => IP: ::1
 . [2023-02-16 02:38:12] => IP: ::1
 . [2023-02-16 02:38:12] => IP: ::1
 . [2023-02-16 02:38:12] => IP: ::1
 . [2023-02-16 02:38:12] => IP: ::1
 . [2023-02-16 02:38:12] => IP: ::1
 . [2023-02-16 02:38:12] => IP: ::1
 . [2023-02-16 02:38:12] => IP: ::1
 . [2023-02-16 02:38:12] => IP: ::1
 . [2023-02-16 02:38:12] => IP: ::1
 . [2023-02-16 02:38:12] => IP: ::1
 . [2023-02-16 02:38:12] => IP: ::1
 . [2023-02-16 02:38:12] => IP: ::1
 . [2023-02-16 02:38:12] => IP: ::1
 . [2023-02-16 02:38:12] => IP: ::1
 . [2023-02-16 02:37:58] => IP: ::1
 . [2023-02-16 02:37:58] => IP: ::1
 . [2023-02-16 02:37:58] => IP: ::1
 . [2023-02-16 02:37:58] => IP: ::1
 . [2023-02-16 02:37:58] => IP: ::1
 . [2023-02-16 02:37:58] => IP: ::1
 . [2023-02-16 02:37:58] => IP: ::1
 . [2023-02-16 02:37:57] => IP: ::1
 . [2023-02-16 02:37:57] => IP: ::1
 . [2023-02-16 02:37:57] => IP: ::1
 . [2023-02-16 02:37:57] => IP: ::1
 . [2023-02-16 02:37:57] => IP: ::1
 . [2023-02-16 02:37:57] => IP: ::1
 . [2023-02-16 02:37:57] => IP: ::1
 . [2023-02-16 02:37:57] => IP: ::1
 . [2023-02-16 02:37:57] => IP: ::1
 . [2023-02-16 02:37:57] => IP: ::1
 . [2023-02-16 02:37:57] => IP: ::1
 . [2023-02-16 02:37:57] => IP: ::1
 . [2023-02-16 02:37:57] => IP: ::1
 . [2023-02-16 02:37:27] => IP: ::1
 . [2023-02-16 02:37:27] => IP: ::1
 . [2023-02-16 02:37:27] => IP: ::1
 . [2023-02-16 02:37:27] => IP: ::1
 . [2023-02-16 02:37:27] => IP: ::1
 . [2023-02-16 02:37:27] => IP: ::1
 . [2023-02-16 02:37:27] => IP: ::1
 . [2023-02-16 02:37:27] => IP: ::1
 . [2023-02-16 02:37:27] => IP: ::1
 . [2023-02-16 02:37:27] => IP: ::1
 . [2023-02-16 02:37:27] => IP: ::1
 . [2023-02-16 02:37:27] => IP: ::1
 . [2023-02-16 02:37:27] => IP: ::1
 . [2023-02-16 02:37:27] => IP: ::1
 . [2023-02-16 02:37:27] => IP: ::1
 . [2023-02-16 02:37:26] => IP: ::1
 . [2023-02-16 02:37:26] => IP: ::1
 . [2023-02-16 02:37:26] => IP: ::1
 . [2023-02-16 02:37:26] => IP: ::1
 . [2023-02-16 02:37:26] => IP: ::1
 . [2023-02-16 02:37:21] => IP: ::1
 . [2023-02-16 02:37:21] => IP: ::1
 . [2023-02-16 02:37:21] => IP: ::1
 . [2023-02-16 02:37:21] => IP: ::1
 . [2023-02-16 02:37:21] => IP: ::1
 . [2023-02-16 02:37:21] => IP: ::1
 . [2023-02-16 02:37:21] => IP: ::1
 . [2023-02-16 02:37:21] => IP: ::1
 . [2023-02-16 02:37:21] => IP: ::1
 . [2023-02-16 02:37:21] => IP: ::1
 . [2023-02-16 02:37:21] => IP: ::1
 . [2023-02-16 02:37:21] => IP: ::1
 . [2023-02-16 02:37:21] => IP: ::1
 . [2023-02-16 02:37:21] => IP: ::1
 . [2023-02-16 02:37:21] => IP: ::1
 . [2023-02-16 02:37:21] => IP: ::1
 . [2023-02-16 02:37:21] => IP: ::1
 . [2023-02-16 02:37:21] => IP: ::1
 . [2023-02-16 02:37:21] => IP: ::1
 . [2023-02-16 02:37:21] => IP: ::1
 . [2023-02-16 02:37:20] => IP: ::1
 . [2023-02-16 02:37:20] => IP: ::1
 . [2023-02-16 02:37:20] => IP: ::1
 . [2023-02-16 02:37:20] => IP: ::1
 . [2023-02-16 02:37:20] => IP: ::1
 . [2023-02-16 02:37:20] => IP: ::1
 . [2023-02-16 02:37:20] => IP: ::1
 . [2023-02-16 02:37:20] => IP: ::1
 . [2023-02-16 02:37:20] => IP: ::1
 . [2023-02-16 02:37:20] => IP: ::1
 . [2023-02-16 02:37:20] => IP: ::1
 . [2023-02-16 02:37:20] => IP: ::1
 . [2023-02-16 02:37:20] => IP: ::1
 . [2023-02-16 02:37:20] => IP: ::1
 . [2023-02-16 02:37:20] => IP: ::1
 . [2023-02-16 02:37:20] => IP: ::1
 . [2023-02-16 02:37:20] => IP: ::1
 . [2023-02-16 02:37:20] => IP: ::1
 . [2023-02-16 02:37:20] => IP: ::1
 . [2023-02-16 02:37:20] => IP: ::1
 . [2023-02-16 02:37:19] => IP: ::1
 . [2023-02-16 02:37:19] => IP: ::1
 . [2023-02-16 02:37:19] => IP: ::1
 . [2023-02-16 02:37:19] => IP: ::1
 . [2023-02-16 02:37:14] => IP: ::1
 . [2023-02-16 02:37:14] => IP: ::1
 . [2023-02-16 02:37:14] => IP: ::1
 . [2023-02-16 02:37:14] => IP: ::1
 . [2023-02-16 02:37:13] => IP: ::1
 . [2023-02-16 02:37:13] => IP: ::1
 . [2023-02-16 02:37:13] => IP: ::1
 . [2023-02-16 02:37:13] => IP: ::1
 . [2023-02-16 02:37:13] => IP: ::1
 . [2023-02-16 02:37:13] => IP: ::1
 . [2023-02-16 02:37:13] => IP: ::1
 . [2023-02-16 02:37:12] => IP: ::1
 . [2023-02-16 02:37:12] => IP: ::1
 . [2023-02-16 02:37:12] => IP: ::1
 . [2023-02-16 02:37:12] => IP: ::1
 . [2023-02-16 02:37:12] => IP: ::1
 . [2023-02-16 02:37:12] => IP: ::1
 . [2023-02-16 02:37:12] => IP: ::1
 . [2023-02-16 02:37:12] => IP: ::1
 . [2023-02-16 02:37:11] => IP: ::1
 . [2023-02-16 02:37:10] => IP: ::1
 . [2023-02-16 02:37:10] => IP: ::1
 . [2023-02-16 02:37:10] => IP: ::1
 . [2023-02-16 02:37:10] => IP: ::1
 . [2023-02-16 02:37:10] => IP: ::1
 . [2023-02-16 02:37:10] => IP: ::1
 . [2023-02-16 02:37:09] => IP: ::1
 . [2023-02-16 02:37:09] => IP: ::1
 . [2023-02-16 02:37:09] => IP: ::1
 . [2023-02-16 02:37:09] => IP: ::1
 . [2023-02-16 02:37:09] => IP: ::1
 . [2023-02-16 02:37:09] => IP: ::1
 . [2023-02-16 02:37:09] => IP: ::1
 . [2023-02-16 02:37:08] => IP: ::1
 . [2023-02-16 02:37:08] => IP: ::1
 . [2023-02-16 02:37:08] => IP: ::1
 . [2023-02-16 02:37:08] => IP: ::1
 . [2023-02-16 02:37:08] => IP: ::1
 . [2023-02-16 02:37:08] => IP: ::1
 . [2023-02-16 02:37:08] => IP: ::1
 . [2023-02-16 02:37:07] => IP: ::1
 . [2023-02-16 02:37:07] => IP: ::1
 . [2023-02-16 02:37:07] => IP: ::1
 . [2023-02-16 02:37:06] => IP: ::1
 . [2023-02-16 02:37:06] => IP: ::1
 . [2023-02-16 02:37:06] => IP: ::1
 . [2023-02-16 02:37:06] => IP: ::1
 . [2023-02-16 02:37:06] => IP: ::1
 . [2023-02-16 02:37:06] => IP: ::1
 . [2023-02-16 02:37:06] => IP: ::1
 . [2023-02-16 02:37:06] => IP: ::1
 . [2023-02-16 02:37:06] => IP: ::1
 . [2023-02-16 02:37:05] => IP: ::1
 . [2023-02-16 02:37:05] => IP: ::1
 . [2023-02-16 02:37:05] => IP: ::1
 . [2023-02-16 02:37:05] => IP: ::1
 . [2023-02-16 02:37:05] => IP: ::1
 . [2023-02-16 02:37:05] => IP: ::1
 . [2023-02-16 02:37:05] => IP: ::1
 . [2023-02-16 02:36:40] => IP: ::1
 . [2023-02-16 02:30:16] => IP: ::1
 . [2023-02-16 02:27:29] => IP: ::1
 . [2023-02-16 02:13:39] => IP: ::1
 . [2023-02-16 02:13:36] => IP: ::1
 . [2023-02-15 19:46:24] => IP: ::1
 . [2023-02-15 19:43:50] => IP: ::1
 . [2023-02-15 19:39:50] => IP: ::1
 . [2023-02-15 19:36:19] => IP: ::1
 . [2023-02-15 19:31:20] => IP: ::1
 . 